{"total": {"lines":{"total":760,"covered":492,"skipped":0,"pct":64.73},"statements":{"total":785,"covered":515,"skipped":0,"pct":65.6},"functions":{"total":153,"covered":60,"skipped":0,"pct":39.21},"branches":{"total":175,"covered":82,"skipped":0,"pct":46.85},"branchesTrue":{"total":0,"covered":0,"skipped":0,"pct":100}}
,"/home/runner/work/tinkoff-payment-sdk/tinkoff-payment-sdk/src/index.ts": {"lines":{"total":49,"covered":49,"skipped":0,"pct":100},"functions":{"total":28,"covered":0,"skipped":0,"pct":0},"statements":{"total":65,"covered":65,"skipped":0,"pct":100},"branches":{"total":0,"covered":0,"skipped":0,"pct":100}}
,"/home/runner/work/tinkoff-payment-sdk/tinkoff-payment-sdk/src/api-client/api-manager.ts": {"lines":{"total":61,"covered":36,"skipped":0,"pct":59.01},"functions":{"total":32,"covered":9,"skipped":0,"pct":28.12},"statements":{"total":61,"covered":36,"skipped":0,"pct":59.01},"branches":{"total":0,"covered":0,"skipped":0,"pct":100}}
,"/home/runner/work/tinkoff-payment-sdk/tinkoff-payment-sdk/src/api-client/clients/api-client.ts": {"lines":{"total":21,"covered":21,"skipped":0,"pct":100},"functions":{"total":2,"covered":2,"skipped":0,"pct":100},"statements":{"total":21,"covered":21,"skipped":0,"pct":100},"branches":{"total":2,"covered":2,"skipped":0,"pct":100}}
,"/home/runner/work/tinkoff-payment-sdk/tinkoff-payment-sdk/src/api-client/clients/base-client.ts": {"lines":{"total":19,"covered":18,"skipped":0,"pct":94.73},"functions":{"total":8,"covered":7,"skipped":0,"pct":87.5},"statements":{"total":19,"covered":18,"skipped":0,"pct":94.73},"branches":{"total":3,"covered":2,"skipped":0,"pct":66.66}}
,"/home/runner/work/tinkoff-payment-sdk/tinkoff-payment-sdk/src/api-client/clients/merchant-client.ts": {"lines":{"total":29,"covered":6,"skipped":0,"pct":20.68},"functions":{"total":2,"covered":0,"skipped":0,"pct":0},"statements":{"total":29,"covered":6,"skipped":0,"pct":20.68},"branches":{"total":8,"covered":0,"skipped":0,"pct":0}}
,"/home/runner/work/tinkoff-payment-sdk/tinkoff-payment-sdk/src/api-client/clients/safedeal-client.ts": {"lines":{"total":24,"covered":6,"skipped":0,"pct":25},"functions":{"total":3,"covered":0,"skipped":0,"pct":0},"statements":{"total":24,"covered":6,"skipped":0,"pct":25},"branches":{"total":2,"covered":0,"skipped":0,"pct":0}}
,"/home/runner/work/tinkoff-payment-sdk/tinkoff-payment-sdk/src/api-client/requests/add-account-qr.ts": {"lines":{"total":2,"covered":2,"skipped":0,"pct":100},"functions":{"total":0,"covered":0,"skipped":0,"pct":100},"statements":{"total":2,"covered":2,"skipped":0,"pct":100},"branches":{"total":0,"covered":0,"skipped":0,"pct":100}}
,"/home/runner/work/tinkoff-payment-sdk/tinkoff-payment-sdk/src/api-client/requests/add-card.ts": {"lines":{"total":9,"covered":4,"skipped":0,"pct":44.44},"functions":{"total":1,"covered":0,"skipped":0,"pct":0},"statements":{"total":9,"covered":4,"skipped":0,"pct":44.44},"branches":{"total":0,"covered":0,"skipped":0,"pct":100}}
,"/home/runner/work/tinkoff-payment-sdk/tinkoff-payment-sdk/src/api-client/requests/add-customer.ts": {"lines":{"total":9,"covered":4,"skipped":0,"pct":44.44},"functions":{"total":1,"covered":0,"skipped":0,"pct":0},"statements":{"total":9,"covered":4,"skipped":0,"pct":44.44},"branches":{"total":0,"covered":0,"skipped":0,"pct":100}}
,"/home/runner/work/tinkoff-payment-sdk/tinkoff-payment-sdk/src/api-client/requests/cancel-payment.ts": {"lines":{"total":13,"covered":12,"skipped":0,"pct":92.3},"functions":{"total":1,"covered":1,"skipped":0,"pct":100},"statements":{"total":15,"covered":14,"skipped":0,"pct":93.33},"branches":{"total":2,"covered":1,"skipped":0,"pct":50}}
,"/home/runner/work/tinkoff-payment-sdk/tinkoff-payment-sdk/src/api-client/requests/charge-payment.ts": {"lines":{"total":10,"covered":10,"skipped":0,"pct":100},"functions":{"total":1,"covered":1,"skipped":0,"pct":100},"statements":{"total":10,"covered":10,"skipped":0,"pct":100},"branches":{"total":0,"covered":0,"skipped":0,"pct":100}}
,"/home/runner/work/tinkoff-payment-sdk/tinkoff-payment-sdk/src/api-client/requests/charge-qr.ts": {"lines":{"total":2,"covered":2,"skipped":0,"pct":100},"functions":{"total":0,"covered":0,"skipped":0,"pct":100},"statements":{"total":2,"covered":2,"skipped":0,"pct":100},"branches":{"total":0,"covered":0,"skipped":0,"pct":100}}
,"/home/runner/work/tinkoff-payment-sdk/tinkoff-payment-sdk/src/api-client/requests/check-order.ts": {"lines":{"total":2,"covered":2,"skipped":0,"pct":100},"functions":{"total":0,"covered":0,"skipped":0,"pct":100},"statements":{"total":2,"covered":2,"skipped":0,"pct":100},"branches":{"total":0,"covered":0,"skipped":0,"pct":100}}
,"/home/runner/work/tinkoff-payment-sdk/tinkoff-payment-sdk/src/api-client/requests/close-sp-deal.ts": {"lines":{"total":2,"covered":2,"skipped":0,"pct":100},"functions":{"total":0,"covered":0,"skipped":0,"pct":100},"statements":{"total":2,"covered":2,"skipped":0,"pct":100},"branches":{"total":0,"covered":0,"skipped":0,"pct":100}}
,"/home/runner/work/tinkoff-payment-sdk/tinkoff-payment-sdk/src/api-client/requests/confirm-payment.ts": {"lines":{"total":13,"covered":12,"skipped":0,"pct":92.3},"functions":{"total":1,"covered":1,"skipped":0,"pct":100},"statements":{"total":15,"covered":14,"skipped":0,"pct":93.33},"branches":{"total":2,"covered":1,"skipped":0,"pct":50}}
,"/home/runner/work/tinkoff-payment-sdk/tinkoff-payment-sdk/src/api-client/requests/create-sp-deal.ts": {"lines":{"total":2,"covered":2,"skipped":0,"pct":100},"functions":{"total":0,"covered":0,"skipped":0,"pct":100},"statements":{"total":2,"covered":2,"skipped":0,"pct":100},"branches":{"total":0,"covered":0,"skipped":0,"pct":100}}
,"/home/runner/work/tinkoff-payment-sdk/tinkoff-payment-sdk/src/api-client/requests/finish-authorize.ts": {"lines":{"total":19,"covered":12,"skipped":0,"pct":63.15},"functions":{"total":3,"covered":2,"skipped":0,"pct":66.66},"statements":{"total":21,"covered":12,"skipped":0,"pct":57.14},"branches":{"total":6,"covered":4,"skipped":0,"pct":66.66}}
,"/home/runner/work/tinkoff-payment-sdk/tinkoff-payment-sdk/src/api-client/requests/get-card-list.ts": {"lines":{"total":24,"covered":14,"skipped":0,"pct":58.33},"functions":{"total":4,"covered":2,"skipped":0,"pct":50},"statements":{"total":24,"covered":14,"skipped":0,"pct":58.33},"branches":{"total":11,"covered":4,"skipped":0,"pct":36.36}}
,"/home/runner/work/tinkoff-payment-sdk/tinkoff-payment-sdk/src/api-client/requests/get-customer.ts": {"lines":{"total":9,"covered":4,"skipped":0,"pct":44.44},"functions":{"total":1,"covered":0,"skipped":0,"pct":0},"statements":{"total":9,"covered":4,"skipped":0,"pct":44.44},"branches":{"total":0,"covered":0,"skipped":0,"pct":100}}
,"/home/runner/work/tinkoff-payment-sdk/tinkoff-payment-sdk/src/api-client/requests/get-qr.ts": {"lines":{"total":2,"covered":2,"skipped":0,"pct":100},"functions":{"total":0,"covered":0,"skipped":0,"pct":100},"statements":{"total":2,"covered":2,"skipped":0,"pct":100},"branches":{"total":0,"covered":0,"skipped":0,"pct":100}}
,"/home/runner/work/tinkoff-payment-sdk/tinkoff-payment-sdk/src/api-client/requests/get-state.ts": {"lines":{"total":9,"covered":9,"skipped":0,"pct":100},"functions":{"total":1,"covered":1,"skipped":0,"pct":100},"statements":{"total":9,"covered":9,"skipped":0,"pct":100},"branches":{"total":0,"covered":0,"skipped":0,"pct":100}}
,"/home/runner/work/tinkoff-payment-sdk/tinkoff-payment-sdk/src/api-client/requests/get-static-qr.ts": {"lines":{"total":2,"covered":2,"skipped":0,"pct":100},"functions":{"total":0,"covered":0,"skipped":0,"pct":100},"statements":{"total":2,"covered":2,"skipped":0,"pct":100},"branches":{"total":0,"covered":0,"skipped":0,"pct":100}}
,"/home/runner/work/tinkoff-payment-sdk/tinkoff-payment-sdk/src/api-client/requests/init-payment.ts": {"lines":{"total":13,"covered":12,"skipped":0,"pct":92.3},"functions":{"total":1,"covered":1,"skipped":0,"pct":100},"statements":{"total":15,"covered":14,"skipped":0,"pct":93.33},"branches":{"total":2,"covered":1,"skipped":0,"pct":50}}
,"/home/runner/work/tinkoff-payment-sdk/tinkoff-payment-sdk/src/api-client/requests/payment.ts": {"lines":{"total":8,"covered":4,"skipped":0,"pct":50},"functions":{"total":1,"covered":0,"skipped":0,"pct":0},"statements":{"total":8,"covered":4,"skipped":0,"pct":50},"branches":{"total":0,"covered":0,"skipped":0,"pct":100}}
,"/home/runner/work/tinkoff-payment-sdk/tinkoff-payment-sdk/src/api-client/requests/qr-members-list.ts": {"lines":{"total":2,"covered":2,"skipped":0,"pct":100},"functions":{"total":0,"covered":0,"skipped":0,"pct":100},"statements":{"total":2,"covered":2,"skipped":0,"pct":100},"branches":{"total":0,"covered":0,"skipped":0,"pct":100}}
,"/home/runner/work/tinkoff-payment-sdk/tinkoff-payment-sdk/src/api-client/requests/remove-card.ts": {"lines":{"total":9,"covered":4,"skipped":0,"pct":44.44},"functions":{"total":1,"covered":0,"skipped":0,"pct":0},"statements":{"total":9,"covered":4,"skipped":0,"pct":44.44},"branches":{"total":0,"covered":0,"skipped":0,"pct":100}}
,"/home/runner/work/tinkoff-payment-sdk/tinkoff-payment-sdk/src/api-client/requests/remove-customer.ts": {"lines":{"total":9,"covered":4,"skipped":0,"pct":44.44},"functions":{"total":1,"covered":0,"skipped":0,"pct":0},"statements":{"total":9,"covered":4,"skipped":0,"pct":44.44},"branches":{"total":0,"covered":0,"skipped":0,"pct":100}}
,"/home/runner/work/tinkoff-payment-sdk/tinkoff-payment-sdk/src/api-client/requests/resend.ts": {"lines":{"total":5,"covered":2,"skipped":0,"pct":40},"functions":{"total":1,"covered":0,"skipped":0,"pct":0},"statements":{"total":5,"covered":2,"skipped":0,"pct":40},"branches":{"total":4,"covered":0,"skipped":0,"pct":0}}
,"/home/runner/work/tinkoff-payment-sdk/tinkoff-payment-sdk/src/api-client/requests/send-closing-receipt.ts": {"lines":{"total":4,"covered":3,"skipped":0,"pct":75},"functions":{"total":1,"covered":0,"skipped":0,"pct":0},"statements":{"total":4,"covered":3,"skipped":0,"pct":75},"branches":{"total":0,"covered":0,"skipped":0,"pct":100}}
,"/home/runner/work/tinkoff-payment-sdk/tinkoff-payment-sdk/src/api-client/requests/common/data-type-qr.ts": {"lines":{"total":3,"covered":3,"skipped":0,"pct":100},"functions":{"total":1,"covered":1,"skipped":0,"pct":100},"statements":{"total":3,"covered":3,"skipped":0,"pct":100},"branches":{"total":2,"covered":2,"skipped":0,"pct":100}}
,"/home/runner/work/tinkoff-payment-sdk/tinkoff-payment-sdk/src/api-client/requests/common/data.ts": {"lines":{"total":7,"covered":1,"skipped":0,"pct":14.28},"functions":{"total":1,"covered":0,"skipped":0,"pct":0},"statements":{"total":7,"covered":1,"skipped":0,"pct":14.28},"branches":{"total":2,"covered":0,"skipped":0,"pct":0}}
,"/home/runner/work/tinkoff-payment-sdk/tinkoff-payment-sdk/src/api-client/requests/common/language.ts": {"lines":{"total":3,"covered":3,"skipped":0,"pct":100},"functions":{"total":1,"covered":1,"skipped":0,"pct":100},"statements":{"total":3,"covered":3,"skipped":0,"pct":100},"branches":{"total":2,"covered":2,"skipped":0,"pct":100}}
,"/home/runner/work/tinkoff-payment-sdk/tinkoff-payment-sdk/src/api-client/requests/common/notification-types.ts": {"lines":{"total":3,"covered":0,"skipped":0,"pct":0},"functions":{"total":1,"covered":0,"skipped":0,"pct":0},"statements":{"total":3,"covered":0,"skipped":0,"pct":0},"branches":{"total":2,"covered":0,"skipped":0,"pct":0}}
,"/home/runner/work/tinkoff-payment-sdk/tinkoff-payment-sdk/src/api-client/requests/common/pay-type.ts": {"lines":{"total":3,"covered":3,"skipped":0,"pct":100},"functions":{"total":1,"covered":1,"skipped":0,"pct":100},"statements":{"total":3,"covered":3,"skipped":0,"pct":100},"branches":{"total":2,"covered":2,"skipped":0,"pct":100}}
,"/home/runner/work/tinkoff-payment-sdk/tinkoff-payment-sdk/src/api-client/requests/common/receipt.ts": {"lines":{"total":63,"covered":46,"skipped":0,"pct":73.01},"functions":{"total":9,"covered":5,"skipped":0,"pct":55.55},"statements":{"total":63,"covered":46,"skipped":0,"pct":73.01},"branches":{"total":20,"covered":10,"skipped":0,"pct":50}}
,"/home/runner/work/tinkoff-payment-sdk/tinkoff-payment-sdk/src/api-client/requests/common/request.ts": {"lines":{"total":10,"covered":9,"skipped":0,"pct":90},"functions":{"total":2,"covered":2,"skipped":0,"pct":100},"statements":{"total":11,"covered":10,"skipped":0,"pct":90.9},"branches":{"total":4,"covered":3,"skipped":0,"pct":75}}
,"/home/runner/work/tinkoff-payment-sdk/tinkoff-payment-sdk/src/common/consts.ts": {"lines":{"total":2,"covered":2,"skipped":0,"pct":100},"functions":{"total":0,"covered":0,"skipped":0,"pct":100},"statements":{"total":2,"covered":2,"skipped":0,"pct":100},"branches":{"total":0,"covered":0,"skipped":0,"pct":100}}
,"/home/runner/work/tinkoff-payment-sdk/tinkoff-payment-sdk/src/common/payment-status.ts": {"lines":{"total":26,"covered":26,"skipped":0,"pct":100},"functions":{"total":1,"covered":1,"skipped":0,"pct":100},"statements":{"total":26,"covered":26,"skipped":0,"pct":100},"branches":{"total":2,"covered":2,"skipped":0,"pct":100}}
,"/home/runner/work/tinkoff-payment-sdk/tinkoff-payment-sdk/src/common/sdk-error.ts": {"lines":{"total":6,"covered":6,"skipped":0,"pct":100},"functions":{"total":1,"covered":1,"skipped":0,"pct":100},"statements":{"total":6,"covered":6,"skipped":0,"pct":100},"branches":{"total":9,"covered":9,"skipped":0,"pct":100}}
,"/home/runner/work/tinkoff-payment-sdk/tinkoff-payment-sdk/src/common/signature.ts": {"lines":{"total":12,"covered":12,"skipped":0,"pct":100},"functions":{"total":4,"covered":4,"skipped":0,"pct":100},"statements":{"total":12,"covered":12,"skipped":0,"pct":100},"branches":{"total":0,"covered":0,"skipped":0,"pct":100}}
,"/home/runner/work/tinkoff-payment-sdk/tinkoff-payment-sdk/src/http-client/got-http-client.ts": {"lines":{"total":8,"covered":1,"skipped":0,"pct":12.5},"functions":{"total":2,"covered":0,"skipped":0,"pct":0},"statements":{"total":8,"covered":1,"skipped":0,"pct":12.5},"branches":{"total":2,"covered":0,"skipped":0,"pct":0}}
,"/home/runner/work/tinkoff-payment-sdk/tinkoff-payment-sdk/src/http-client/http-client.ts": {"lines":{"total":3,"covered":3,"skipped":0,"pct":100},"functions":{"total":1,"covered":1,"skipped":0,"pct":100},"statements":{"total":3,"covered":3,"skipped":0,"pct":100},"branches":{"total":2,"covered":2,"skipped":0,"pct":100}}
,"/home/runner/work/tinkoff-payment-sdk/tinkoff-payment-sdk/src/http-client/request-http-client.ts": {"lines":{"total":10,"covered":1,"skipped":0,"pct":10},"functions":{"total":2,"covered":0,"skipped":0,"pct":0},"statements":{"total":10,"covered":1,"skipped":0,"pct":10},"branches":{"total":2,"covered":0,"skipped":0,"pct":0}}
,"/home/runner/work/tinkoff-payment-sdk/tinkoff-payment-sdk/src/logger/logger.ts": {"lines":{"total":26,"covered":9,"skipped":0,"pct":34.61},"functions":{"total":3,"covered":3,"skipped":0,"pct":100},"statements":{"total":26,"covered":9,"skipped":0,"pct":34.61},"branches":{"total":21,"covered":4,"skipped":0,"pct":19.04}}
,"/home/runner/work/tinkoff-payment-sdk/tinkoff-payment-sdk/src/serialization/schema.ts": {"lines":{"total":10,"covered":10,"skipped":0,"pct":100},"functions":{"total":1,"covered":1,"skipped":0,"pct":100},"statements":{"total":10,"covered":10,"skipped":0,"pct":100},"branches":{"total":2,"covered":2,"skipped":0,"pct":100}}
,"/home/runner/work/tinkoff-payment-sdk/tinkoff-payment-sdk/src/serialization/serializer.ts": {"lines":{"total":38,"covered":24,"skipped":0,"pct":63.15},"functions":{"total":1,"covered":1,"skipped":0,"pct":100},"statements":{"total":38,"covered":24,"skipped":0,"pct":63.15},"branches":{"total":15,"covered":8,"skipped":0,"pct":53.33}}
,"/home/runner/work/tinkoff-payment-sdk/tinkoff-payment-sdk/src/serialization/serializers/boolean.ts": {"lines":{"total":5,"covered":5,"skipped":0,"pct":100},"functions":{"total":2,"covered":2,"skipped":0,"pct":100},"statements":{"total":5,"covered":5,"skipped":0,"pct":100},"branches":{"total":0,"covered":0,"skipped":0,"pct":100}}
,"/home/runner/work/tinkoff-payment-sdk/tinkoff-payment-sdk/src/serialization/serializers/date.ts": {"lines":{"total":15,"covered":15,"skipped":0,"pct":100},"functions":{"total":3,"covered":3,"skipped":0,"pct":100},"statements":{"total":15,"covered":15,"skipped":0,"pct":100},"branches":{"total":8,"covered":8,"skipped":0,"pct":100}}
,"/home/runner/work/tinkoff-payment-sdk/tinkoff-payment-sdk/src/serialization/serializers/integer.ts": {"lines":{"total":4,"covered":4,"skipped":0,"pct":100},"functions":{"total":2,"covered":2,"skipped":0,"pct":100},"statements":{"total":4,"covered":4,"skipped":0,"pct":100},"branches":{"total":0,"covered":0,"skipped":0,"pct":100}}
,"/home/runner/work/tinkoff-payment-sdk/tinkoff-payment-sdk/src/serialization/serializers/money.ts": {"lines":{"total":8,"covered":8,"skipped":0,"pct":100},"functions":{"total":2,"covered":2,"skipped":0,"pct":100},"statements":{"total":8,"covered":8,"skipped":0,"pct":100},"branches":{"total":4,"covered":4,"skipped":0,"pct":100}}
,"/home/runner/work/tinkoff-payment-sdk/tinkoff-payment-sdk/src/sign-providers/cryptopro-sign-provider.ts": {"lines":{"total":46,"covered":8,"skipped":0,"pct":17.39},"functions":{"total":4,"covered":0,"skipped":0,"pct":0},"statements":{"total":46,"covered":8,"skipped":0,"pct":17.39},"branches":{"total":6,"covered":0,"skipped":0,"pct":0}}
,"/home/runner/work/tinkoff-payment-sdk/tinkoff-payment-sdk/src/sign-providers/rsa-sign-provider.ts": {"lines":{"total":32,"covered":8,"skipped":0,"pct":25},"functions":{"total":5,"covered":0,"skipped":0,"pct":0},"statements":{"total":32,"covered":8,"skipped":0,"pct":25},"branches":{"total":12,"covered":0,"skipped":0,"pct":0}}
,"/home/runner/work/tinkoff-payment-sdk/tinkoff-payment-sdk/src/sign-providers/sign-provider.ts": {"lines":{"total":15,"covered":3,"skipped":0,"pct":20},"functions":{"total":6,"covered":0,"skipped":0,"pct":0},"statements":{"total":15,"covered":3,"skipped":0,"pct":20},"branches":{"total":4,"covered":0,"skipped":0,"pct":0}}
,"/home/runner/work/tinkoff-payment-sdk/tinkoff-payment-sdk/src/webhook-handler/webhook-handler.ts": {"lines":{"total":18,"covered":18,"skipped":0,"pct":100},"functions":{"total":2,"covered":2,"skipped":0,"pct":100},"statements":{"total":18,"covered":18,"skipped":0,"pct":100},"branches":{"total":10,"covered":9,"skipped":0,"pct":90}}
,"/home/runner/work/tinkoff-payment-sdk/tinkoff-payment-sdk/src/webhook-handler/webhook-payload.ts": {"lines":{"total":2,"covered":2,"skipped":0,"pct":100},"functions":{"total":0,"covered":0,"skipped":0,"pct":100},"statements":{"total":2,"covered":2,"skipped":0,"pct":100},"branches":{"total":0,"covered":0,"skipped":0,"pct":100}}
}
