{"total": {"lines":{"total":760,"covered":693,"skipped":0,"pct":91.18},"statements":{"total":785,"covered":718,"skipped":0,"pct":91.46},"functions":{"total":153,"covered":112,"skipped":0,"pct":73.2},"branches":{"total":175,"covered":149,"skipped":0,"pct":85.14},"branchesTrue":{"total":0,"covered":0,"skipped":0,"pct":100}}
,"/home/runner/work/tinkoff-payment-sdk/tinkoff-payment-sdk/src/index.ts": {"lines":{"total":49,"covered":49,"skipped":0,"pct":100},"functions":{"total":28,"covered":1,"skipped":0,"pct":3.57},"statements":{"total":65,"covered":65,"skipped":0,"pct":100},"branches":{"total":0,"covered":0,"skipped":0,"pct":100}}
,"/home/runner/work/tinkoff-payment-sdk/tinkoff-payment-sdk/src/api-client/api-manager.ts": {"lines":{"total":61,"covered":56,"skipped":0,"pct":91.8},"functions":{"total":32,"covered":27,"skipped":0,"pct":84.37},"statements":{"total":61,"covered":56,"skipped":0,"pct":91.8},"branches":{"total":0,"covered":0,"skipped":0,"pct":100}}
,"/home/runner/work/tinkoff-payment-sdk/tinkoff-payment-sdk/src/api-client/clients/api-client.ts": {"lines":{"total":21,"covered":21,"skipped":0,"pct":100},"functions":{"total":2,"covered":2,"skipped":0,"pct":100},"statements":{"total":21,"covered":21,"skipped":0,"pct":100},"branches":{"total":2,"covered":2,"skipped":0,"pct":100}}
,"/home/runner/work/tinkoff-payment-sdk/tinkoff-payment-sdk/src/api-client/clients/base-client.ts": {"lines":{"total":19,"covered":18,"skipped":0,"pct":94.73},"functions":{"total":8,"covered":7,"skipped":0,"pct":87.5},"statements":{"total":19,"covered":18,"skipped":0,"pct":94.73},"branches":{"total":3,"covered":2,"skipped":0,"pct":66.66}}
,"/home/runner/work/tinkoff-payment-sdk/tinkoff-payment-sdk/src/api-client/clients/merchant-client.ts": {"lines":{"total":29,"covered":26,"skipped":0,"pct":89.65},"functions":{"total":2,"covered":2,"skipped":0,"pct":100},"statements":{"total":29,"covered":26,"skipped":0,"pct":89.65},"branches":{"total":8,"covered":4,"skipped":0,"pct":50}}
,"/home/runner/work/tinkoff-payment-sdk/tinkoff-payment-sdk/src/api-client/clients/safedeal-client.ts": {"lines":{"total":24,"covered":24,"skipped":0,"pct":100},"functions":{"total":3,"covered":3,"skipped":0,"pct":100},"statements":{"total":24,"covered":24,"skipped":0,"pct":100},"branches":{"total":2,"covered":2,"skipped":0,"pct":100}}
,"/home/runner/work/tinkoff-payment-sdk/tinkoff-payment-sdk/src/api-client/requests/add-account-qr.ts": {"lines":{"total":2,"covered":2,"skipped":0,"pct":100},"functions":{"total":0,"covered":0,"skipped":0,"pct":100},"statements":{"total":2,"covered":2,"skipped":0,"pct":100},"branches":{"total":0,"covered":0,"skipped":0,"pct":100}}
,"/home/runner/work/tinkoff-payment-sdk/tinkoff-payment-sdk/src/api-client/requests/add-card.ts": {"lines":{"total":9,"covered":9,"skipped":0,"pct":100},"functions":{"total":1,"covered":1,"skipped":0,"pct":100},"statements":{"total":9,"covered":9,"skipped":0,"pct":100},"branches":{"total":0,"covered":0,"skipped":0,"pct":100}}
,"/home/runner/work/tinkoff-payment-sdk/tinkoff-payment-sdk/src/api-client/requests/add-customer.ts": {"lines":{"total":9,"covered":9,"skipped":0,"pct":100},"functions":{"total":1,"covered":1,"skipped":0,"pct":100},"statements":{"total":9,"covered":9,"skipped":0,"pct":100},"branches":{"total":0,"covered":0,"skipped":0,"pct":100}}
,"/home/runner/work/tinkoff-payment-sdk/tinkoff-payment-sdk/src/api-client/requests/cancel-payment.ts": {"lines":{"total":13,"covered":12,"skipped":0,"pct":92.3},"functions":{"total":1,"covered":1,"skipped":0,"pct":100},"statements":{"total":15,"covered":14,"skipped":0,"pct":93.33},"branches":{"total":2,"covered":1,"skipped":0,"pct":50}}
,"/home/runner/work/tinkoff-payment-sdk/tinkoff-payment-sdk/src/api-client/requests/charge-payment.ts": {"lines":{"total":10,"covered":10,"skipped":0,"pct":100},"functions":{"total":1,"covered":1,"skipped":0,"pct":100},"statements":{"total":10,"covered":10,"skipped":0,"pct":100},"branches":{"total":0,"covered":0,"skipped":0,"pct":100}}
,"/home/runner/work/tinkoff-payment-sdk/tinkoff-payment-sdk/src/api-client/requests/charge-qr.ts": {"lines":{"total":2,"covered":2,"skipped":0,"pct":100},"functions":{"total":0,"covered":0,"skipped":0,"pct":100},"statements":{"total":2,"covered":2,"skipped":0,"pct":100},"branches":{"total":0,"covered":0,"skipped":0,"pct":100}}
,"/home/runner/work/tinkoff-payment-sdk/tinkoff-payment-sdk/src/api-client/requests/check-order.ts": {"lines":{"total":2,"covered":2,"skipped":0,"pct":100},"functions":{"total":0,"covered":0,"skipped":0,"pct":100},"statements":{"total":2,"covered":2,"skipped":0,"pct":100},"branches":{"total":0,"covered":0,"skipped":0,"pct":100}}
,"/home/runner/work/tinkoff-payment-sdk/tinkoff-payment-sdk/src/api-client/requests/close-sp-deal.ts": {"lines":{"total":2,"covered":2,"skipped":0,"pct":100},"functions":{"total":0,"covered":0,"skipped":0,"pct":100},"statements":{"total":2,"covered":2,"skipped":0,"pct":100},"branches":{"total":0,"covered":0,"skipped":0,"pct":100}}
,"/home/runner/work/tinkoff-payment-sdk/tinkoff-payment-sdk/src/api-client/requests/confirm-payment.ts": {"lines":{"total":13,"covered":12,"skipped":0,"pct":92.3},"functions":{"total":1,"covered":1,"skipped":0,"pct":100},"statements":{"total":15,"covered":14,"skipped":0,"pct":93.33},"branches":{"total":2,"covered":1,"skipped":0,"pct":50}}
,"/home/runner/work/tinkoff-payment-sdk/tinkoff-payment-sdk/src/api-client/requests/create-sp-deal.ts": {"lines":{"total":2,"covered":2,"skipped":0,"pct":100},"functions":{"total":0,"covered":0,"skipped":0,"pct":100},"statements":{"total":2,"covered":2,"skipped":0,"pct":100},"branches":{"total":0,"covered":0,"skipped":0,"pct":100}}
,"/home/runner/work/tinkoff-payment-sdk/tinkoff-payment-sdk/src/api-client/requests/finish-authorize.ts": {"lines":{"total":19,"covered":18,"skipped":0,"pct":94.73},"functions":{"total":3,"covered":3,"skipped":0,"pct":100},"statements":{"total":21,"covered":20,"skipped":0,"pct":95.23},"branches":{"total":6,"covered":5,"skipped":0,"pct":83.33}}
,"/home/runner/work/tinkoff-payment-sdk/tinkoff-payment-sdk/src/api-client/requests/get-card-list.ts": {"lines":{"total":24,"covered":22,"skipped":0,"pct":91.66},"functions":{"total":4,"covered":4,"skipped":0,"pct":100},"statements":{"total":24,"covered":22,"skipped":0,"pct":91.66},"branches":{"total":11,"covered":9,"skipped":0,"pct":81.81}}
,"/home/runner/work/tinkoff-payment-sdk/tinkoff-payment-sdk/src/api-client/requests/get-customer.ts": {"lines":{"total":9,"covered":9,"skipped":0,"pct":100},"functions":{"total":1,"covered":1,"skipped":0,"pct":100},"statements":{"total":9,"covered":9,"skipped":0,"pct":100},"branches":{"total":0,"covered":0,"skipped":0,"pct":100}}
,"/home/runner/work/tinkoff-payment-sdk/tinkoff-payment-sdk/src/api-client/requests/get-qr.ts": {"lines":{"total":2,"covered":2,"skipped":0,"pct":100},"functions":{"total":0,"covered":0,"skipped":0,"pct":100},"statements":{"total":2,"covered":2,"skipped":0,"pct":100},"branches":{"total":0,"covered":0,"skipped":0,"pct":100}}
,"/home/runner/work/tinkoff-payment-sdk/tinkoff-payment-sdk/src/api-client/requests/get-state.ts": {"lines":{"total":9,"covered":9,"skipped":0,"pct":100},"functions":{"total":1,"covered":1,"skipped":0,"pct":100},"statements":{"total":9,"covered":9,"skipped":0,"pct":100},"branches":{"total":0,"covered":0,"skipped":0,"pct":100}}
,"/home/runner/work/tinkoff-payment-sdk/tinkoff-payment-sdk/src/api-client/requests/get-static-qr.ts": {"lines":{"total":2,"covered":2,"skipped":0,"pct":100},"functions":{"total":0,"covered":0,"skipped":0,"pct":100},"statements":{"total":2,"covered":2,"skipped":0,"pct":100},"branches":{"total":0,"covered":0,"skipped":0,"pct":100}}
,"/home/runner/work/tinkoff-payment-sdk/tinkoff-payment-sdk/src/api-client/requests/init-payment.ts": {"lines":{"total":13,"covered":12,"skipped":0,"pct":92.3},"functions":{"total":1,"covered":1,"skipped":0,"pct":100},"statements":{"total":15,"covered":14,"skipped":0,"pct":93.33},"branches":{"total":2,"covered":1,"skipped":0,"pct":50}}
,"/home/runner/work/tinkoff-payment-sdk/tinkoff-payment-sdk/src/api-client/requests/payment.ts": {"lines":{"total":8,"covered":8,"skipped":0,"pct":100},"functions":{"total":1,"covered":1,"skipped":0,"pct":100},"statements":{"total":8,"covered":8,"skipped":0,"pct":100},"branches":{"total":0,"covered":0,"skipped":0,"pct":100}}
,"/home/runner/work/tinkoff-payment-sdk/tinkoff-payment-sdk/src/api-client/requests/qr-members-list.ts": {"lines":{"total":2,"covered":2,"skipped":0,"pct":100},"functions":{"total":0,"covered":0,"skipped":0,"pct":100},"statements":{"total":2,"covered":2,"skipped":0,"pct":100},"branches":{"total":0,"covered":0,"skipped":0,"pct":100}}
,"/home/runner/work/tinkoff-payment-sdk/tinkoff-payment-sdk/src/api-client/requests/remove-card.ts": {"lines":{"total":9,"covered":9,"skipped":0,"pct":100},"functions":{"total":1,"covered":1,"skipped":0,"pct":100},"statements":{"total":9,"covered":9,"skipped":0,"pct":100},"branches":{"total":0,"covered":0,"skipped":0,"pct":100}}
,"/home/runner/work/tinkoff-payment-sdk/tinkoff-payment-sdk/src/api-client/requests/remove-customer.ts": {"lines":{"total":9,"covered":9,"skipped":0,"pct":100},"functions":{"total":1,"covered":1,"skipped":0,"pct":100},"statements":{"total":9,"covered":9,"skipped":0,"pct":100},"branches":{"total":0,"covered":0,"skipped":0,"pct":100}}
,"/home/runner/work/tinkoff-payment-sdk/tinkoff-payment-sdk/src/api-client/requests/resend.ts": {"lines":{"total":5,"covered":5,"skipped":0,"pct":100},"functions":{"total":1,"covered":1,"skipped":0,"pct":100},"statements":{"total":5,"covered":5,"skipped":0,"pct":100},"branches":{"total":4,"covered":4,"skipped":0,"pct":100}}
,"/home/runner/work/tinkoff-payment-sdk/tinkoff-payment-sdk/src/api-client/requests/send-closing-receipt.ts": {"lines":{"total":4,"covered":4,"skipped":0,"pct":100},"functions":{"total":1,"covered":1,"skipped":0,"pct":100},"statements":{"total":4,"covered":4,"skipped":0,"pct":100},"branches":{"total":0,"covered":0,"skipped":0,"pct":100}}
,"/home/runner/work/tinkoff-payment-sdk/tinkoff-payment-sdk/src/api-client/requests/common/data-type-qr.ts": {"lines":{"total":3,"covered":3,"skipped":0,"pct":100},"functions":{"total":1,"covered":1,"skipped":0,"pct":100},"statements":{"total":3,"covered":3,"skipped":0,"pct":100},"branches":{"total":2,"covered":2,"skipped":0,"pct":100}}
,"/home/runner/work/tinkoff-payment-sdk/tinkoff-payment-sdk/src/api-client/requests/common/data.ts": {"lines":{"total":7,"covered":1,"skipped":0,"pct":14.28},"functions":{"total":1,"covered":0,"skipped":0,"pct":0},"statements":{"total":7,"covered":1,"skipped":0,"pct":14.28},"branches":{"total":2,"covered":0,"skipped":0,"pct":0}}
,"/home/runner/work/tinkoff-payment-sdk/tinkoff-payment-sdk/src/api-client/requests/common/language.ts": {"lines":{"total":3,"covered":3,"skipped":0,"pct":100},"functions":{"total":1,"covered":1,"skipped":0,"pct":100},"statements":{"total":3,"covered":3,"skipped":0,"pct":100},"branches":{"total":2,"covered":2,"skipped":0,"pct":100}}
,"/home/runner/work/tinkoff-payment-sdk/tinkoff-payment-sdk/src/api-client/requests/common/notification-types.ts": {"lines":{"total":3,"covered":0,"skipped":0,"pct":0},"functions":{"total":1,"covered":0,"skipped":0,"pct":0},"statements":{"total":3,"covered":0,"skipped":0,"pct":0},"branches":{"total":2,"covered":0,"skipped":0,"pct":0}}
,"/home/runner/work/tinkoff-payment-sdk/tinkoff-payment-sdk/src/api-client/requests/common/pay-type.ts": {"lines":{"total":3,"covered":3,"skipped":0,"pct":100},"functions":{"total":1,"covered":1,"skipped":0,"pct":100},"statements":{"total":3,"covered":3,"skipped":0,"pct":100},"branches":{"total":2,"covered":2,"skipped":0,"pct":100}}
,"/home/runner/work/tinkoff-payment-sdk/tinkoff-payment-sdk/src/api-client/requests/common/receipt.ts": {"lines":{"total":63,"covered":63,"skipped":0,"pct":100},"functions":{"total":9,"covered":9,"skipped":0,"pct":100},"statements":{"total":63,"covered":63,"skipped":0,"pct":100},"branches":{"total":20,"covered":20,"skipped":0,"pct":100}}
,"/home/runner/work/tinkoff-payment-sdk/tinkoff-payment-sdk/src/api-client/requests/common/request.ts": {"lines":{"total":10,"covered":10,"skipped":0,"pct":100},"functions":{"total":2,"covered":2,"skipped":0,"pct":100},"statements":{"total":11,"covered":11,"skipped":0,"pct":100},"branches":{"total":4,"covered":4,"skipped":0,"pct":100}}
,"/home/runner/work/tinkoff-payment-sdk/tinkoff-payment-sdk/src/common/consts.ts": {"lines":{"total":2,"covered":2,"skipped":0,"pct":100},"functions":{"total":0,"covered":0,"skipped":0,"pct":100},"statements":{"total":2,"covered":2,"skipped":0,"pct":100},"branches":{"total":0,"covered":0,"skipped":0,"pct":100}}
,"/home/runner/work/tinkoff-payment-sdk/tinkoff-payment-sdk/src/common/payment-status.ts": {"lines":{"total":26,"covered":26,"skipped":0,"pct":100},"functions":{"total":1,"covered":1,"skipped":0,"pct":100},"statements":{"total":26,"covered":26,"skipped":0,"pct":100},"branches":{"total":2,"covered":2,"skipped":0,"pct":100}}
,"/home/runner/work/tinkoff-payment-sdk/tinkoff-payment-sdk/src/common/sdk-error.ts": {"lines":{"total":6,"covered":6,"skipped":0,"pct":100},"functions":{"total":1,"covered":1,"skipped":0,"pct":100},"statements":{"total":6,"covered":6,"skipped":0,"pct":100},"branches":{"total":9,"covered":9,"skipped":0,"pct":100}}
,"/home/runner/work/tinkoff-payment-sdk/tinkoff-payment-sdk/src/common/signature.ts": {"lines":{"total":12,"covered":12,"skipped":0,"pct":100},"functions":{"total":4,"covered":4,"skipped":0,"pct":100},"statements":{"total":12,"covered":12,"skipped":0,"pct":100},"branches":{"total":0,"covered":0,"skipped":0,"pct":100}}
,"/home/runner/work/tinkoff-payment-sdk/tinkoff-payment-sdk/src/http-client/got-http-client.ts": {"lines":{"total":8,"covered":8,"skipped":0,"pct":100},"functions":{"total":2,"covered":2,"skipped":0,"pct":100},"statements":{"total":8,"covered":8,"skipped":0,"pct":100},"branches":{"total":2,"covered":2,"skipped":0,"pct":100}}
,"/home/runner/work/tinkoff-payment-sdk/tinkoff-payment-sdk/src/http-client/http-client.ts": {"lines":{"total":3,"covered":3,"skipped":0,"pct":100},"functions":{"total":1,"covered":1,"skipped":0,"pct":100},"statements":{"total":3,"covered":3,"skipped":0,"pct":100},"branches":{"total":2,"covered":2,"skipped":0,"pct":100}}
,"/home/runner/work/tinkoff-payment-sdk/tinkoff-payment-sdk/src/http-client/request-http-client.ts": {"lines":{"total":10,"covered":10,"skipped":0,"pct":100},"functions":{"total":2,"covered":2,"skipped":0,"pct":100},"statements":{"total":10,"covered":10,"skipped":0,"pct":100},"branches":{"total":2,"covered":2,"skipped":0,"pct":100}}
,"/home/runner/work/tinkoff-payment-sdk/tinkoff-payment-sdk/src/logger/logger.ts": {"lines":{"total":26,"covered":26,"skipped":0,"pct":100},"functions":{"total":3,"covered":3,"skipped":0,"pct":100},"statements":{"total":26,"covered":26,"skipped":0,"pct":100},"branches":{"total":21,"covered":21,"skipped":0,"pct":100}}
,"/home/runner/work/tinkoff-payment-sdk/tinkoff-payment-sdk/src/serialization/schema.ts": {"lines":{"total":10,"covered":10,"skipped":0,"pct":100},"functions":{"total":1,"covered":1,"skipped":0,"pct":100},"statements":{"total":10,"covered":10,"skipped":0,"pct":100},"branches":{"total":2,"covered":2,"skipped":0,"pct":100}}
,"/home/runner/work/tinkoff-payment-sdk/tinkoff-payment-sdk/src/serialization/serializer.ts": {"lines":{"total":38,"covered":38,"skipped":0,"pct":100},"functions":{"total":1,"covered":1,"skipped":0,"pct":100},"statements":{"total":38,"covered":38,"skipped":0,"pct":100},"branches":{"total":15,"covered":15,"skipped":0,"pct":100}}
,"/home/runner/work/tinkoff-payment-sdk/tinkoff-payment-sdk/src/serialization/serializers/boolean.ts": {"lines":{"total":5,"covered":5,"skipped":0,"pct":100},"functions":{"total":2,"covered":2,"skipped":0,"pct":100},"statements":{"total":5,"covered":5,"skipped":0,"pct":100},"branches":{"total":0,"covered":0,"skipped":0,"pct":100}}
,"/home/runner/work/tinkoff-payment-sdk/tinkoff-payment-sdk/src/serialization/serializers/date.ts": {"lines":{"total":15,"covered":15,"skipped":0,"pct":100},"functions":{"total":3,"covered":3,"skipped":0,"pct":100},"statements":{"total":15,"covered":15,"skipped":0,"pct":100},"branches":{"total":8,"covered":8,"skipped":0,"pct":100}}
,"/home/runner/work/tinkoff-payment-sdk/tinkoff-payment-sdk/src/serialization/serializers/integer.ts": {"lines":{"total":4,"covered":4,"skipped":0,"pct":100},"functions":{"total":2,"covered":2,"skipped":0,"pct":100},"statements":{"total":4,"covered":4,"skipped":0,"pct":100},"branches":{"total":0,"covered":0,"skipped":0,"pct":100}}
,"/home/runner/work/tinkoff-payment-sdk/tinkoff-payment-sdk/src/serialization/serializers/money.ts": {"lines":{"total":8,"covered":8,"skipped":0,"pct":100},"functions":{"total":2,"covered":2,"skipped":0,"pct":100},"statements":{"total":8,"covered":8,"skipped":0,"pct":100},"branches":{"total":4,"covered":4,"skipped":0,"pct":100}}
,"/home/runner/work/tinkoff-payment-sdk/tinkoff-payment-sdk/src/sign-providers/cryptopro-sign-provider.ts": {"lines":{"total":46,"covered":8,"skipped":0,"pct":17.39},"functions":{"total":4,"covered":0,"skipped":0,"pct":0},"statements":{"total":46,"covered":8,"skipped":0,"pct":17.39},"branches":{"total":6,"covered":0,"skipped":0,"pct":0}}
,"/home/runner/work/tinkoff-payment-sdk/tinkoff-payment-sdk/src/sign-providers/rsa-sign-provider.ts": {"lines":{"total":32,"covered":31,"skipped":0,"pct":96.87},"functions":{"total":5,"covered":5,"skipped":0,"pct":100},"statements":{"total":32,"covered":31,"skipped":0,"pct":96.87},"branches":{"total":12,"covered":10,"skipped":0,"pct":83.33}}
,"/home/runner/work/tinkoff-payment-sdk/tinkoff-payment-sdk/src/sign-providers/sign-provider.ts": {"lines":{"total":15,"covered":11,"skipped":0,"pct":73.33},"functions":{"total":6,"covered":4,"skipped":0,"pct":66.66},"statements":{"total":15,"covered":11,"skipped":0,"pct":73.33},"branches":{"total":4,"covered":2,"skipped":0,"pct":50}}
,"/home/runner/work/tinkoff-payment-sdk/tinkoff-payment-sdk/src/webhook-handler/webhook-handler.ts": {"lines":{"total":18,"covered":18,"skipped":0,"pct":100},"functions":{"total":2,"covered":2,"skipped":0,"pct":100},"statements":{"total":18,"covered":18,"skipped":0,"pct":100},"branches":{"total":10,"covered":9,"skipped":0,"pct":90}}
,"/home/runner/work/tinkoff-payment-sdk/tinkoff-payment-sdk/src/webhook-handler/webhook-payload.ts": {"lines":{"total":2,"covered":2,"skipped":0,"pct":100},"functions":{"total":0,"covered":0,"skipped":0,"pct":100},"statements":{"total":2,"covered":2,"skipped":0,"pct":100},"branches":{"total":0,"covered":0,"skipped":0,"pct":100}}
}
