TN:
SF:src/index.ts
FN:5,(anonymous_4)
FN:7,(anonymous_5)
FN:9,(anonymous_6)
FN:15,(anonymous_7)
FN:17,(anonymous_8)
FN:18,(anonymous_9)
FN:19,(anonymous_10)
FN:23,(anonymous_11)
FN:26,(anonymous_12)
FN:27,(anonymous_13)
FN:28,(anonymous_14)
FN:29,(anonymous_15)
FN:37,(anonymous_16)
FN:38,(anonymous_17)
FN:44,(anonymous_18)
FN:44,(anonymous_19)
FN:44,(anonymous_20)
FN:50,(anonymous_21)
FN:57,(anonymous_22)
FN:58,(anonymous_23)
FN:67,(anonymous_24)
FN:77,(anonymous_25)
FN:84,(anonymous_26)
FN:94,(anonymous_27)
FN:104,(anonymous_28)
FN:114,(anonymous_29)
FN:124,(anonymous_30)
FN:134,(anonymous_31)
FNF:28
FNH:1
FNDA:0,(anonymous_4)
FNDA:0,(anonymous_5)
FNDA:0,(anonymous_6)
FNDA:0,(anonymous_7)
FNDA:0,(anonymous_8)
FNDA:0,(anonymous_9)
FNDA:0,(anonymous_10)
FNDA:0,(anonymous_11)
FNDA:0,(anonymous_12)
FNDA:0,(anonymous_13)
FNDA:0,(anonymous_14)
FNDA:0,(anonymous_15)
FNDA:0,(anonymous_16)
FNDA:0,(anonymous_17)
FNDA:0,(anonymous_18)
FNDA:0,(anonymous_19)
FNDA:0,(anonymous_20)
FNDA:0,(anonymous_21)
FNDA:0,(anonymous_22)
FNDA:2,(anonymous_23)
FNDA:0,(anonymous_24)
FNDA:0,(anonymous_25)
FNDA:0,(anonymous_26)
FNDA:0,(anonymous_27)
FNDA:0,(anonymous_28)
FNDA:0,(anonymous_29)
FNDA:0,(anonymous_30)
FNDA:0,(anonymous_31)
DA:5,2
DA:7,2
DA:9,2
DA:15,2
DA:17,2
DA:18,2
DA:19,2
DA:21,2
DA:23,2
DA:26,2
DA:27,2
DA:28,2
DA:29,2
DA:37,2
DA:38,2
DA:44,2
DA:50,2
DA:57,2
DA:58,4
DA:66,2
DA:67,2
DA:77,2
DA:83,2
DA:84,2
DA:93,2
DA:94,2
DA:103,2
DA:104,2
DA:113,2
DA:114,2
DA:123,2
DA:124,2
DA:133,2
DA:134,2
DA:141,2
DA:142,2
DA:143,2
DA:144,2
DA:145,2
DA:146,2
DA:150,2
DA:151,2
DA:155,2
DA:156,2
DA:157,2
DA:158,2
DA:162,2
DA:163,2
DA:164,2
LF:49
LH:49
BRF:0
BRH:0
end_of_record
TN:
SF:src/api-client/api-manager.ts
FN:46,(anonymous_0)
FN:53,(anonymous_1)
FN:60,(anonymous_2)
FN:67,(anonymous_3)
FN:74,(anonymous_4)
FN:87,(anonymous_5)
FN:92,(anonymous_6)
FN:99,(anonymous_7)
FN:106,(anonymous_8)
FN:113,(anonymous_9)
FN:120,(anonymous_10)
FN:127,(anonymous_11)
FN:134,(anonymous_12)
FN:138,(anonymous_13)
FN:145,(anonymous_14)
FN:152,(anonymous_15)
FN:161,(anonymous_16)
FN:166,(anonymous_17)
FN:173,(anonymous_18)
FN:180,(anonymous_19)
FN:187,(anonymous_20)
FN:194,(anonymous_21)
FN:201,(anonymous_22)
FN:208,(anonymous_23)
FN:217,(anonymous_24)
FN:222,(anonymous_25)
FN:229,(anonymous_26)
FN:236,(anonymous_27)
FN:243,(anonymous_28)
FN:250,(anonymous_29)
FN:257,(anonymous_30)
FN:264,(anonymous_31)
FNF:32
FNH:27
FNDA:2,(anonymous_0)
FNDA:1,(anonymous_1)
FNDA:1,(anonymous_2)
FNDA:1,(anonymous_3)
FNDA:2,(anonymous_4)
FNDA:18,(anonymous_5)
FNDA:1,(anonymous_6)
FNDA:1,(anonymous_7)
FNDA:1,(anonymous_8)
FNDA:2,(anonymous_9)
FNDA:1,(anonymous_10)
FNDA:1,(anonymous_11)
FNDA:1,(anonymous_12)
FNDA:1,(anonymous_13)
FNDA:1,(anonymous_14)
FNDA:1,(anonymous_15)
FNDA:7,(anonymous_16)
FNDA:1,(anonymous_17)
FNDA:1,(anonymous_18)
FNDA:1,(anonymous_19)
FNDA:1,(anonymous_20)
FNDA:1,(anonymous_21)
FNDA:1,(anonymous_22)
FNDA:1,(anonymous_23)
FNDA:2,(anonymous_24)
FNDA:1,(anonymous_25)
FNDA:0,(anonymous_26)
FNDA:0,(anonymous_27)
FNDA:0,(anonymous_28)
FNDA:1,(anonymous_29)
FNDA:0,(anonymous_30)
FNDA:0,(anonymous_31)
DA:1,2
DA:3,2
DA:4,2
DA:5,2
DA:6,2
DA:7,2
DA:8,2
DA:9,2
DA:10,2
DA:11,2
DA:16,2
DA:17,2
DA:22,2
DA:23,2
DA:24,2
DA:25,2
DA:26,2
DA:27,2
DA:28,2
DA:29,2
DA:30,2
DA:35,2
DA:36,2
DA:47,2
DA:54,1
DA:61,1
DA:68,1
DA:75,2
DA:86,2
DA:88,18
DA:89,18
DA:93,1
DA:100,1
DA:107,1
DA:114,2
DA:121,1
DA:128,1
DA:135,1
DA:139,1
DA:146,1
DA:153,1
DA:160,2
DA:162,7
DA:163,7
DA:167,1
DA:174,1
DA:181,1
DA:188,1
DA:195,1
DA:202,1
DA:209,1
DA:216,2
DA:218,2
DA:219,2
DA:223,1
DA:230,0
DA:237,0
DA:244,0
DA:251,1
DA:258,0
DA:265,0
LF:61
LH:56
BRF:0
BRH:0
end_of_record
TN:
SF:src/api-client/clients/api-client.ts
FN:18,(anonymous_0)
FN:22,(anonymous_1)
FNF:2
FNH:2
FNDA:18,(anonymous_0)
FNDA:17,(anonymous_1)
DA:1,2
DA:2,2
DA:4,2
DA:8,2
DA:17,2
DA:19,18
DA:27,17
DA:29,17
DA:31,17
DA:33,17
DA:35,17
DA:37,17
DA:39,17
DA:41,17
DA:44,17
DA:46,17
DA:48,17
DA:50,17
DA:53,17
DA:54,2
DA:57,15
LF:21
LH:21
BRDA:53,0,0,2
BRDA:53,0,1,15
BRF:2
BRH:2
end_of_record
TN:
SF:src/api-client/clients/base-client.ts
FN:21,(anonymous_0)
FN:33,(anonymous_1)
FN:38,(anonymous_2)
FN:45,(anonymous_3)
FN:52,(anonymous_4)
FN:60,(anonymous_5)
FN:69,(anonymous_6)
FN:77,(anonymous_7)
FNF:8
FNH:7
FNDA:27,(anonymous_0)
FNDA:26,(anonymous_1)
FNDA:26,(anonymous_2)
FNDA:0,(anonymous_3)
FNDA:26,(anonymous_4)
FNDA:24,(anonymous_5)
FNDA:26,(anonymous_6)
FNDA:26,(anonymous_7)
DA:1,2
DA:4,2
DA:6,2
DA:8,2
DA:18,2
DA:22,27
DA:23,27
DA:34,26
DA:35,26
DA:39,26
DA:46,0
DA:53,26
DA:61,24
DA:63,24
DA:70,26
DA:72,26
DA:78,26
DA:80,26
DA:84,26
LF:19
LH:18
BRDA:21,0,0,0
BRDA:84,1,0,26
BRDA:84,1,1,26
BRF:3
BRH:2
end_of_record
TN:
SF:src/api-client/clients/merchant-client.ts
FN:22,(anonymous_0)
FN:28,(anonymous_1)
FNF:2
FNH:2
FNDA:2,(anonymous_0)
FNDA:2,(anonymous_1)
DA:1,2
DA:2,2
DA:3,2
DA:5,2
DA:10,2
DA:19,2
DA:23,2
DA:24,2
DA:25,2
DA:34,2
DA:36,2
DA:38,2
DA:40,2
DA:42,2
DA:44,2
DA:46,2
DA:48,2
DA:50,2
DA:53,2
DA:55,2
DA:57,2
DA:58,0
DA:61,2
DA:62,0
DA:65,2
DA:67,2
DA:70,2
DA:71,0
DA:74,2
LF:29
LH:26
BRDA:23,0,0,2
BRDA:23,0,1,0
BRDA:57,1,0,0
BRDA:57,1,1,2
BRDA:61,2,0,0
BRDA:61,2,1,2
BRDA:70,3,0,0
BRDA:70,3,1,2
BRF:8
BRH:4
end_of_record
TN:
SF:src/api-client/clients/safedeal-client.ts
FN:19,(anonymous_0)
FN:23,(anonymous_1)
FN:63,(anonymous_2)
FNF:3
FNH:3
FNDA:7,(anonymous_0)
FNDA:7,(anonymous_1)
FNDA:7,(anonymous_2)
DA:1,2
DA:2,2
DA:3,2
DA:5,2
DA:9,2
DA:18,2
DA:20,7
DA:28,7
DA:30,7
DA:32,7
DA:34,7
DA:36,7
DA:38,7
DA:40,7
DA:42,7
DA:44,7
DA:47,7
DA:49,7
DA:51,7
DA:53,7
DA:56,7
DA:57,1
DA:60,6
DA:64,7
LF:24
LH:24
BRDA:56,0,0,1
BRDA:56,0,1,6
BRF:2
BRH:2
end_of_record
TN:
SF:src/api-client/requests/add-account-qr.ts
FNF:0
FNH:0
DA:1,2
DA:34,2
LF:2
LH:2
BRF:0
BRH:0
end_of_record
TN:
SF:src/api-client/requests/add-card.ts
FN:55,addCard
FNF:1
FNH:1
FNDA:2,addCard
DA:3,2
DA:34,2
DA:49,2
DA:55,2
DA:59,2
DA:61,2
DA:63,2
DA:67,2
DA:77,2
LF:9
LH:9
BRF:0
BRH:0
end_of_record
TN:
SF:src/api-client/requests/add-customer.ts
FN:40,addCustomer
FNF:1
FNH:1
FNDA:1,addCustomer
DA:3,2
DA:23,2
DA:34,2
DA:40,2
DA:44,1
DA:46,1
DA:48,1
DA:52,1
DA:62,1
LF:9
LH:9
BRF:0
BRH:0
end_of_record
TN:
SF:src/api-client/requests/cancel-payment.ts
FN:70,cancelPayment
FNF:1
FNH:1
FNDA:1,cancelPayment
DA:1,2
DA:4,2
DA:5,2
DA:25,2
DA:55,2
DA:70,2
DA:74,1
DA:76,1
DA:78,1
DA:82,1
DA:83,0
DA:86,1
DA:96,1
LF:13
LH:12
BRDA:82,0,0,0
BRDA:82,0,1,1
BRF:2
BRH:1
end_of_record
TN:
SF:src/api-client/requests/charge-payment.ts
FN:55,chargePayment
FNF:1
FNH:1
FNDA:1,chargePayment
DA:1,2
DA:2,2
DA:26,2
DA:44,2
DA:55,2
DA:59,1
DA:61,1
DA:63,1
DA:67,1
DA:77,1
LF:10
LH:10
BRF:0
BRH:0
end_of_record
TN:
SF:src/api-client/requests/charge-qr.ts
FNF:0
FNH:0
DA:1,2
DA:40,2
LF:2
LH:2
BRF:0
BRH:0
end_of_record
TN:
SF:src/api-client/requests/check-order.ts
FNF:0
FNH:0
DA:2,2
DA:29,2
LF:2
LH:2
BRF:0
BRH:0
end_of_record
TN:
SF:src/api-client/requests/close-sp-deal.ts
FNF:0
FNH:0
DA:1,2
DA:23,2
LF:2
LH:2
BRF:0
BRH:0
end_of_record
TN:
SF:src/api-client/requests/confirm-payment.ts
FN:53,confirmPayment
FNF:1
FNH:1
FNDA:1,confirmPayment
DA:1,2
DA:3,2
DA:4,2
DA:26,2
DA:42,2
DA:53,2
DA:57,1
DA:59,1
DA:61,1
DA:65,1
DA:66,0
DA:69,1
DA:79,1
LF:13
LH:12
BRDA:65,0,0,0
BRDA:65,0,1,1
BRF:2
BRH:1
end_of_record
TN:
SF:src/api-client/requests/create-sp-deal.ts
FNF:0
FNH:0
DA:1,2
DA:26,2
LF:2
LH:2
BRF:0
BRH:0
end_of_record
TN:
SF:src/api-client/requests/finish-authorize.ts
FN:29,(anonymous_1)
FN:33,(anonymous_2)
FN:131,finishAuthorize
FNF:3
FNH:3
FNDA:2,(anonymous_1)
FNDA:2,(anonymous_2)
FNDA:1,finishAuthorize
DA:1,2
DA:2,2
DA:3,2
DA:29,2
DA:30,2
DA:33,2
DA:34,2
DA:35,2
DA:36,2
DA:85,2
DA:116,2
DA:131,2
DA:135,1
DA:137,1
DA:139,1
DA:143,1
DA:144,0
DA:147,1
DA:157,1
LF:19
LH:18
BRDA:29,0,0,2
BRDA:29,0,1,2
BRDA:33,1,0,2
BRDA:33,1,1,2
BRDA:143,2,0,0
BRDA:143,2,1,1
BRF:6
BRH:5
end_of_record
TN:
SF:src/api-client/requests/get-card-list.ts
FN:9,(anonymous_1)
FN:16,(anonymous_2)
FN:67,getCardList
FN:90,(anonymous_4)
FNF:4
FNH:4
FNDA:2,(anonymous_1)
FNDA:2,(anonymous_2)
FNDA:2,getCardList
FNDA:2,(anonymous_4)
DA:3,2
DA:4,2
DA:9,2
DA:10,2
DA:11,2
DA:12,2
DA:13,2
DA:16,2
DA:17,2
DA:18,2
DA:19,2
DA:52,2
DA:61,2
DA:67,2
DA:71,2
DA:73,2
DA:75,2
DA:79,2
DA:91,2
DA:92,2
DA:94,0
DA:97,2
DA:98,0
DA:102,2
LF:24
LH:22
BRDA:9,0,0,2
BRDA:9,0,1,2
BRDA:16,1,0,2
BRDA:16,1,1,2
BRDA:91,2,0,2
BRDA:91,2,1,0
BRDA:91,3,0,2
BRDA:91,3,1,2
BRDA:91,3,2,2
BRDA:97,4,0,0
BRDA:97,4,1,2
BRF:11
BRH:9
end_of_record
TN:
SF:src/api-client/requests/get-customer.ts
FN:36,getCustomer
FNF:1
FNH:1
FNDA:1,getCustomer
DA:3,2
DA:19,2
DA:30,2
DA:36,2
DA:40,1
DA:42,1
DA:44,1
DA:48,1
DA:58,1
LF:9
LH:9
BRF:0
BRH:0
end_of_record
TN:
SF:src/api-client/requests/get-qr.ts
FNF:0
FNH:0
DA:2,2
DA:33,2
LF:2
LH:2
BRF:0
BRH:0
end_of_record
TN:
SF:src/api-client/requests/get-state.ts
FN:38,getState
FNF:1
FNH:1
FNDA:4,getState
DA:3,2
DA:19,2
DA:32,2
DA:38,2
DA:42,4
DA:44,4
DA:46,4
DA:50,4
DA:60,3
LF:9
LH:9
BRF:0
BRH:0
end_of_record
TN:
SF:src/api-client/requests/get-static-qr.ts
FNF:0
FNH:0
DA:2,2
DA:27,2
LF:2
LH:2
BRF:0
BRH:0
end_of_record
TN:
SF:src/api-client/requests/init-payment.ts
FN:153,initPayment
FNF:1
FNH:1
FNDA:2,initPayment
DA:3,2
DA:6,2
DA:7,2
DA:107,2
DA:138,2
DA:153,2
DA:157,2
DA:159,2
DA:161,2
DA:165,2
DA:166,0
DA:169,2
DA:179,2
LF:13
LH:12
BRDA:165,0,0,0
BRDA:165,0,1,2
BRF:2
BRH:1
end_of_record
TN:
SF:src/api-client/requests/payment.ts
FN:36,payment
FNF:1
FNH:1
FNDA:1,payment
DA:1,2
DA:16,2
DA:30,2
DA:36,2
DA:40,1
DA:42,1
DA:46,1
DA:56,1
LF:8
LH:8
BRF:0
BRH:0
end_of_record
TN:
SF:src/api-client/requests/qr-members-list.ts
FNF:0
FNH:0
DA:1,2
DA:37,2
LF:2
LH:2
BRF:0
BRH:0
end_of_record
TN:
SF:src/api-client/requests/remove-card.ts
FN:38,removeCard
FNF:1
FNH:1
FNDA:1,removeCard
DA:3,2
DA:21,2
DA:32,2
DA:38,2
DA:42,1
DA:44,1
DA:46,1
DA:50,1
DA:60,1
LF:9
LH:9
BRF:0
BRH:0
end_of_record
TN:
SF:src/api-client/requests/remove-customer.ts
FN:36,removeCustomer
FNF:1
FNH:1
FNDA:1,removeCustomer
DA:3,2
DA:19,2
DA:30,2
DA:36,2
DA:40,1
DA:42,1
DA:44,1
DA:48,1
DA:58,1
LF:9
LH:9
BRF:0
BRH:0
end_of_record
TN:
SF:src/api-client/requests/resend.ts
FN:31,(anonymous_0)
FNF:1
FNH:1
FNDA:2,(anonymous_0)
DA:2,2
DA:27,2
DA:32,2
DA:33,1
DA:35,1
LF:5
LH:5
BRDA:32,0,0,1
BRDA:32,0,1,1
BRDA:32,1,0,2
BRDA:32,1,1,1
BRF:4
BRH:4
end_of_record
TN:
SF:src/api-client/requests/send-closing-receipt.ts
FN:35,(anonymous_0)
FNF:1
FNH:1
FNDA:1,(anonymous_0)
DA:1,2
DA:3,2
DA:32,2
DA:35,1
LF:4
LH:4
BRF:0
BRH:0
end_of_record
TN:
SF:src/api-client/requests/common/data-type-qr.ts
FN:1,(anonymous_0)
FNF:1
FNH:1
FNDA:2,(anonymous_0)
DA:1,2
DA:2,2
DA:3,2
LF:3
LH:3
BRDA:1,0,0,2
BRDA:1,0,1,2
BRF:2
BRH:2
end_of_record
TN:
SF:src/api-client/requests/common/data.ts
FN:1,flatDataObject
FNF:1
FNH:0
FNDA:0,flatDataObject
DA:1,2
DA:2,0
DA:3,0
DA:5,0
DA:6,0
DA:7,0
DA:9,0
LF:7
LH:1
BRDA:2,0,0,0
BRDA:2,0,1,0
BRF:2
BRH:0
end_of_record
TN:
SF:src/api-client/requests/common/language.ts
FN:1,(anonymous_0)
FNF:1
FNH:1
FNDA:2,(anonymous_0)
DA:1,2
DA:2,2
DA:3,2
LF:3
LH:3
BRDA:1,0,0,2
BRDA:1,0,1,2
BRF:2
BRH:2
end_of_record
TN:
SF:src/api-client/requests/common/notification-types.ts
FN:1,(anonymous_0)
FNF:1
FNH:0
FNDA:0,(anonymous_0)
DA:1,0
DA:2,0
DA:3,0
LF:3
LH:0
BRDA:1,0,0,0
BRDA:1,0,1,0
BRF:2
BRH:0
end_of_record
TN:
SF:src/api-client/requests/common/pay-type.ts
FN:1,(anonymous_0)
FNF:1
FNH:1
FNDA:2,(anonymous_0)
DA:1,2
DA:2,2
DA:3,2
LF:3
LH:3
BRDA:1,0,0,2
BRDA:1,0,1,2
BRF:2
BRH:2
end_of_record
TN:
SF:src/api-client/requests/common/receipt.ts
FN:26,(anonymous_0)
FN:36,(anonymous_1)
FN:51,(anonymous_2)
FN:60,(anonymous_3)
FN:80,(anonymous_4)
FN:100,validateAndPrepareCardData
FN:103,(anonymous_6)
FN:107,validateAndPrepareReceipt
FN:122,validateAndPrepareReceiptItem
FNF:9
FNH:9
FNDA:3,(anonymous_0)
FNDA:3,(anonymous_1)
FNDA:3,(anonymous_2)
FNDA:3,(anonymous_3)
FNDA:3,(anonymous_4)
FNDA:1,validateAndPrepareCardData
FNDA:3,(anonymous_6)
FNDA:8,validateAndPrepareReceipt
FNDA:6,validateAndPrepareReceiptItem
DA:1,3
DA:26,3
DA:27,3
DA:28,3
DA:29,3
DA:30,3
DA:31,3
DA:32,3
DA:33,3
DA:36,3
DA:37,3
DA:38,3
DA:39,3
DA:40,3
DA:41,3
DA:42,3
DA:43,3
DA:44,3
DA:45,3
DA:46,3
DA:47,3
DA:48,3
DA:51,3
DA:52,3
DA:53,3
DA:54,3
DA:55,3
DA:56,3
DA:57,3
DA:60,3
DA:61,3
DA:62,3
DA:63,3
DA:64,3
DA:65,3
DA:66,3
DA:80,3
DA:81,3
DA:82,3
DA:83,3
DA:84,3
DA:85,3
DA:86,3
DA:87,3
DA:100,3
DA:101,1
DA:102,1
DA:103,3
DA:107,3
DA:108,8
DA:109,1
DA:112,7
DA:113,1
DA:116,6
DA:123,6
DA:129,6
DA:130,1
DA:133,5
DA:139,5
DA:140,1
DA:148,4
DA:149,3
DA:154,4
LF:63
LH:63
BRDA:26,0,0,3
BRDA:26,0,1,3
BRDA:36,1,0,3
BRDA:36,1,1,3
BRDA:51,2,0,3
BRDA:51,2,1,3
BRDA:60,3,0,3
BRDA:60,3,1,3
BRDA:80,4,0,3
BRDA:80,4,1,3
BRDA:108,5,0,1
BRDA:108,5,1,7
BRDA:112,6,0,1
BRDA:112,6,1,6
BRDA:129,7,0,1
BRDA:129,7,1,5
BRDA:139,8,0,1
BRDA:139,8,1,4
BRDA:148,9,0,3
BRDA:148,9,1,1
BRF:20
BRH:20
end_of_record
TN:
SF:src/api-client/requests/common/request.ts
FN:6,(anonymous_1)
FN:12,(anonymous_2)
FNF:2
FNH:2
FNDA:20,(anonymous_1)
FNDA:8,(anonymous_2)
DA:1,2
DA:6,2
DA:12,20
DA:13,8
DA:15,8
DA:17,8
DA:21,8
DA:22,3
DA:25,7
DA:35,7
LF:10
LH:10
BRDA:8,0,0,16
BRDA:9,1,0,16
BRDA:21,2,0,3
BRDA:21,2,1,5
BRF:4
BRH:4
end_of_record
TN:
SF:src/common/consts.ts
FNF:0
FNH:0
DA:1,2
DA:2,2
LF:2
LH:2
BRF:0
BRH:0
end_of_record
TN:
SF:src/common/payment-status.ts
FN:1,(anonymous_0)
FNF:1
FNH:1
FNDA:3,(anonymous_0)
DA:1,3
DA:2,3
DA:3,3
DA:4,3
DA:5,3
DA:6,3
DA:7,3
DA:8,3
DA:9,3
DA:10,3
DA:11,3
DA:12,3
DA:13,3
DA:14,3
DA:15,3
DA:16,3
DA:17,3
DA:18,3
DA:19,3
DA:20,3
DA:22,3
DA:23,3
DA:24,3
DA:25,3
DA:26,3
DA:27,3
LF:26
LH:26
BRDA:1,0,0,3
BRDA:1,0,1,3
BRF:2
BRH:2
end_of_record
TN:
SF:src/common/sdk-error.ts
FN:11,(anonymous_0)
FNF:1
FNH:1
FNDA:17,(anonymous_0)
DA:6,5
DA:8,5
DA:12,17
DA:14,17
DA:16,17
DA:17,9
LF:6
LH:6
BRDA:12,0,0,6
BRDA:14,1,0,17
BRDA:14,1,1,14
BRDA:14,2,0,8
BRDA:14,2,1,9
BRDA:14,3,0,17
BRDA:14,3,1,17
BRDA:16,4,0,9
BRDA:16,4,1,8
BRF:9
BRH:9
end_of_record
TN:
SF:src/common/signature.ts
FN:9,generateSignature
FN:20,(anonymous_1)
FN:22,(anonymous_2)
FN:27,signRequestPayload
FNF:4
FNH:4
FNDA:47,generateSignature
FNDA:234,(anonymous_1)
FNDA:223,(anonymous_2)
FNDA:27,signRequestPayload
DA:1,4
DA:9,4
DA:10,47
DA:12,47
DA:17,47
DA:19,47
DA:20,234
DA:22,223
DA:24,47
DA:27,4
DA:31,27
DA:33,27
LF:12
LH:12
BRF:0
BRH:0
end_of_record
TN:
SF:src/http-client/got-http-client.ts
FN:17,(anonymous_0)
FN:19,(anonymous_1)
FNF:2
FNH:2
FNDA:3,(anonymous_0)
FNDA:3,(anonymous_1)
DA:16,3
DA:17,3
DA:20,3
DA:22,3
DA:25,3
DA:26,2
DA:33,1
DA:41,3
LF:8
LH:8
BRDA:25,0,0,2
BRDA:25,0,1,1
BRF:2
BRH:2
end_of_record
TN:
SF:src/http-client/http-client.ts
FN:14,(anonymous_0)
FNF:1
FNH:1
FNDA:4,(anonymous_0)
DA:14,4
DA:15,4
DA:16,4
LF:3
LH:3
BRDA:14,0,0,4
BRDA:14,0,1,4
BRF:2
BRH:2
end_of_record
TN:
SF:src/http-client/request-http-client.ts
FN:13,(anonymous_0)
FN:15,(anonymous_1)
FNF:2
FNH:2
FNDA:3,(anonymous_0)
FNDA:3,(anonymous_1)
DA:12,3
DA:13,3
DA:16,3
DA:18,3
DA:20,3
DA:29,3
DA:30,1
DA:32,2
DA:35,3
DA:37,3
LF:10
LH:10
BRDA:29,0,0,1
BRDA:29,0,1,2
BRF:2
BRH:2
end_of_record
TN:
SF:src/logger/logger.ts
FN:1,(anonymous_0)
FN:24,(anonymous_1)
FN:28,(anonymous_2)
FNF:3
FNH:3
FNDA:4,(anonymous_0)
FNDA:42,(anonymous_1)
FNDA:66,(anonymous_2)
DA:1,4
DA:2,4
DA:3,4
DA:4,4
DA:5,4
DA:6,4
DA:21,4
DA:25,42
DA:29,66
DA:30,13
DA:31,13
DA:33,5
DA:34,4
DA:36,5
DA:38,2
DA:39,1
DA:41,2
DA:43,2
DA:44,1
DA:46,2
DA:48,2
DA:49,1
DA:51,2
DA:53,2
DA:54,1
DA:56,2
LF:26
LH:26
BRDA:1,0,0,4
BRDA:1,0,1,4
BRDA:25,1,0,42
BRDA:25,1,1,8
BRDA:29,2,0,13
BRDA:29,2,1,53
BRDA:31,3,0,5
BRDA:31,3,1,2
BRDA:31,3,2,2
BRDA:31,3,3,2
BRDA:31,3,4,2
BRDA:33,4,0,4
BRDA:33,4,1,1
BRDA:38,5,0,1
BRDA:38,5,1,1
BRDA:43,6,0,1
BRDA:43,6,1,1
BRDA:48,7,0,1
BRDA:48,7,1,1
BRDA:53,8,0,1
BRDA:53,8,1,1
BRF:21
BRH:21
end_of_record
TN:
SF:src/serialization/schema.ts
FN:9,(anonymous_0)
FNF:1
FNH:1
FNDA:4,(anonymous_0)
DA:9,4
DA:10,4
DA:11,4
DA:12,4
DA:13,4
DA:14,4
DA:15,4
DA:16,4
DA:17,4
DA:18,4
LF:10
LH:10
BRDA:9,0,0,4
BRDA:9,0,1,4
BRF:2
BRH:2
end_of_record
TN:
SF:src/serialization/serializer.ts
FN:10,serializeData
FNF:1
FNH:1
FNDA:70,serializeData
DA:1,4
DA:3,4
DA:4,4
DA:5,4
DA:6,4
DA:7,4
DA:10,4
DA:15,70
DA:18,70
DA:20,70
DA:21,51
DA:22,51
DA:25,51
DA:26,17
DA:28,1
DA:30,16
DA:34,34
DA:36,5
DA:37,4
DA:40,10
DA:41,10
DA:44,1
DA:45,1
DA:48,1
DA:49,1
DA:52,1
DA:53,1
DA:56,1
DA:57,1
DA:60,1
DA:61,1
DA:64,1
DA:65,1
DA:68,13
DA:69,13
DA:72,33
DA:74,2
DA:80,68
LF:38
LH:38
BRDA:25,0,0,17
BRDA:25,0,1,34
BRDA:26,1,0,1
BRDA:26,1,1,16
BRDA:26,2,0,17
BRDA:26,2,1,7
BRDA:34,3,0,5
BRDA:34,3,1,10
BRDA:34,3,2,1
BRDA:34,3,3,1
BRDA:34,3,4,1
BRDA:34,3,5,1
BRDA:34,3,6,1
BRDA:34,3,7,1
BRDA:34,3,8,13
BRF:15
BRH:15
end_of_record
TN:
SF:src/serialization/serializers/boolean.ts
FN:1,booleanToString
FN:5,booleanFromString
FNF:2
FNH:2
FNDA:3,booleanToString
FNDA:8,booleanFromString
DA:1,5
DA:2,3
DA:5,5
DA:6,8
DA:8,8
LF:5
LH:5
BRF:0
BRH:0
end_of_record
TN:
SF:src/serialization/serializers/date.ts
FN:3,dateToStringOrThrow
FN:12,dateFromStringOrThrow
FN:21,expDateFromStringOrThrow
FNF:3
FNH:3
FNDA:3,dateToStringOrThrow
FNDA:3,dateFromStringOrThrow
FNDA:4,expDateFromStringOrThrow
DA:1,5
DA:3,5
DA:5,3
DA:6,1
DA:9,2
DA:12,5
DA:14,3
DA:15,1
DA:18,2
DA:21,5
DA:23,4
DA:24,2
DA:27,2
DA:28,2
DA:30,2
LF:15
LH:15
BRDA:5,0,0,1
BRDA:5,0,1,2
BRDA:14,1,0,1
BRDA:14,1,1,2
BRDA:23,2,0,2
BRDA:23,2,1,2
BRDA:23,3,0,4
BRDA:23,3,1,3
BRF:8
BRH:8
end_of_record
TN:
SF:src/serialization/serializers/integer.ts
FN:1,integerToString
FN:5,integerFromString
FNF:2
FNH:2
FNDA:3,integerToString
FNDA:16,integerFromString
DA:1,5
DA:2,3
DA:5,5
DA:6,16
LF:4
LH:4
BRF:0
BRH:0
end_of_record
TN:
SF:src/serialization/serializers/money.ts
FN:1,moneyToPennyOrThrow
FN:10,moneyFromPennyOrThrow
FNF:2
FNH:2
FNDA:15,moneyToPennyOrThrow
FNDA:14,moneyFromPennyOrThrow
DA:1,6
DA:3,15
DA:4,2
DA:7,13
DA:10,6
DA:12,14
DA:13,1
DA:16,13
LF:8
LH:8
BRDA:3,0,0,2
BRDA:3,0,1,13
BRDA:12,1,0,1
BRDA:12,1,1,13
BRF:4
BRH:4
end_of_record
TN:
SF:src/sign-providers/cryptopro-sign-provider.ts
FN:42,(anonymous_7)
FN:61,(anonymous_8)
FN:66,(anonymous_9)
FN:93,(anonymous_10)
FNF:4
FNH:0
FNDA:0,(anonymous_7)
FNDA:0,(anonymous_8)
FNDA:0,(anonymous_9)
FNDA:0,(anonymous_10)
DA:1,2
DA:2,2
DA:3,2
DA:5,2
DA:7,2
DA:8,2
DA:34,2
DA:41,2
DA:43,0
DA:44,0
DA:47,0
DA:49,0
DA:51,0
DA:62,0
DA:63,0
DA:67,0
DA:68,0
DA:69,0
DA:70,0
DA:77,0
DA:78,0
DA:79,0
DA:80,0
DA:81,0
DA:82,0
DA:83,0
DA:84,0
DA:86,0
DA:87,0
DA:90,0
DA:94,0
DA:95,0
DA:96,0
DA:103,0
DA:104,0
DA:114,0
DA:115,0
DA:116,0
DA:117,0
DA:118,0
DA:119,0
DA:120,0
DA:121,0
DA:123,0
DA:124,0
DA:127,0
LF:46
LH:8
BRDA:43,0,0,0
BRDA:43,0,1,0
BRDA:86,1,0,0
BRDA:86,1,1,0
BRDA:123,2,0,0
BRDA:123,2,1,0
BRF:6
BRH:0
end_of_record
TN:
SF:src/sign-providers/rsa-sign-provider.ts
FN:23,(anonymous_7)
FN:47,(anonymous_8)
FN:77,(anonymous_9)
FN:81,(anonymous_10)
FN:86,(anonymous_11)
FNF:5
FNH:5
FNDA:1,(anonymous_7)
FNDA:7,(anonymous_8)
FNDA:1,(anonymous_9)
FNDA:5,(anonymous_10)
FNDA:1,(anonymous_11)
DA:1,3
DA:2,3
DA:4,3
DA:6,3
DA:8,3
DA:10,3
DA:19,3
DA:22,3
DA:24,1
DA:26,1
DA:28,1
DA:29,1
DA:31,1
DA:33,1
DA:48,7
DA:49,7
DA:51,7
DA:52,0
DA:55,7
DA:56,6
DA:59,7
DA:60,1
DA:66,6
DA:67,5
DA:70,6
DA:71,1
DA:78,1
DA:82,5
DA:83,5
DA:87,1
DA:89,1
DA:91,1
LF:32
LH:31
BRDA:49,0,0,7
BRDA:49,0,1,0
BRDA:51,1,0,0
BRDA:51,1,1,7
BRDA:55,2,0,6
BRDA:55,2,1,1
BRDA:59,3,0,1
BRDA:59,3,1,6
BRDA:66,4,0,5
BRDA:66,4,1,1
BRDA:70,5,0,1
BRDA:70,5,1,5
BRF:12
BRH:10
end_of_record
TN:
SF:src/sign-providers/sign-provider.ts
FN:13,(anonymous_6)
FN:18,(anonymous_7)
FN:34,(anonymous_8)
FN:38,(anonymous_9)
FN:44,(anonymous_10)
FN:53,(anonymous_11)
FNF:6
FNH:4
FNDA:0,(anonymous_6)
FNDA:6,(anonymous_7)
FNDA:10,(anonymous_8)
FNDA:10,(anonymous_9)
FNDA:5,(anonymous_10)
FNDA:0,(anonymous_11)
DA:1,3
DA:5,3
DA:7,3
DA:14,0
DA:15,0
DA:19,6
DA:29,6
DA:30,0
DA:33,6
DA:35,10
DA:39,10
DA:41,6
DA:45,5
DA:46,5
DA:54,0
LF:15
LH:11
BRDA:29,0,0,0
BRDA:29,0,1,6
BRDA:29,1,0,6
BRDA:29,1,1,0
BRF:4
BRH:2
end_of_record
TN:
SF:src/webhook-handler/webhook-handler.ts
FN:18,(anonymous_0)
FN:20,(anonymous_1)
FNF:2
FNH:2
FNDA:5,(anonymous_0)
FNDA:8,(anonymous_1)
DA:1,3
DA:2,3
DA:3,3
DA:5,3
DA:12,3
DA:17,3
DA:18,5
DA:24,8
DA:26,8
DA:28,8
DA:29,2
DA:37,6
DA:42,6
DA:43,2
DA:50,4
DA:58,4
DA:59,2
DA:67,2
LF:18
LH:18
BRDA:28,0,0,2
BRDA:28,0,1,6
BRDA:42,1,0,2
BRDA:42,1,1,4
BRDA:42,2,0,0
BRDA:42,2,1,6
BRDA:42,3,0,6
BRDA:42,3,1,6
BRDA:58,4,0,2
BRDA:58,4,1,2
BRF:10
BRH:9
end_of_record
TN:
SF:src/webhook-handler/webhook-payload.ts
FNF:0
FNH:0
DA:2,3
DA:20,3
LF:2
LH:2
BRF:0
BRH:0
end_of_record
