TN:
SF:src/index.ts
FN:5,(anonymous_4)
FN:7,(anonymous_5)
FN:9,(anonymous_6)
FN:15,(anonymous_7)
FN:17,(anonymous_8)
FN:18,(anonymous_9)
FN:19,(anonymous_10)
FN:23,(anonymous_11)
FN:26,(anonymous_12)
FN:27,(anonymous_13)
FN:28,(anonymous_14)
FN:29,(anonymous_15)
FN:37,(anonymous_16)
FN:38,(anonymous_17)
FN:44,(anonymous_18)
FN:44,(anonymous_19)
FN:44,(anonymous_20)
FN:50,(anonymous_21)
FN:57,(anonymous_22)
FN:58,(anonymous_23)
FN:67,(anonymous_24)
FN:77,(anonymous_25)
FN:84,(anonymous_26)
FN:94,(anonymous_27)
FN:104,(anonymous_28)
FN:114,(anonymous_29)
FN:124,(anonymous_30)
FN:134,(anonymous_31)
FNF:28
FNH:0
FNDA:0,(anonymous_4)
FNDA:0,(anonymous_5)
FNDA:0,(anonymous_6)
FNDA:0,(anonymous_7)
FNDA:0,(anonymous_8)
FNDA:0,(anonymous_9)
FNDA:0,(anonymous_10)
FNDA:0,(anonymous_11)
FNDA:0,(anonymous_12)
FNDA:0,(anonymous_13)
FNDA:0,(anonymous_14)
FNDA:0,(anonymous_15)
FNDA:0,(anonymous_16)
FNDA:0,(anonymous_17)
FNDA:0,(anonymous_18)
FNDA:0,(anonymous_19)
FNDA:0,(anonymous_20)
FNDA:0,(anonymous_21)
FNDA:0,(anonymous_22)
FNDA:0,(anonymous_23)
FNDA:0,(anonymous_24)
FNDA:0,(anonymous_25)
FNDA:0,(anonymous_26)
FNDA:0,(anonymous_27)
FNDA:0,(anonymous_28)
FNDA:0,(anonymous_29)
FNDA:0,(anonymous_30)
FNDA:0,(anonymous_31)
DA:5,1
DA:7,1
DA:9,1
DA:15,1
DA:17,1
DA:18,1
DA:19,1
DA:21,1
DA:23,1
DA:26,1
DA:27,1
DA:28,1
DA:29,1
DA:37,1
DA:38,1
DA:44,1
DA:50,1
DA:57,1
DA:58,1
DA:66,1
DA:67,1
DA:77,1
DA:83,1
DA:84,1
DA:93,1
DA:94,1
DA:103,1
DA:104,1
DA:113,1
DA:114,1
DA:123,1
DA:124,1
DA:133,1
DA:134,1
DA:141,1
DA:142,1
DA:143,1
DA:144,1
DA:145,1
DA:146,1
DA:150,1
DA:151,1
DA:155,1
DA:156,1
DA:157,1
DA:158,1
DA:162,1
DA:163,1
DA:164,1
LF:49
LH:49
BRF:0
BRH:0
end_of_record
TN:
SF:src/api-client/api-manager.ts
FN:46,(anonymous_0)
FN:53,(anonymous_1)
FN:60,(anonymous_2)
FN:67,(anonymous_3)
FN:74,(anonymous_4)
FN:87,(anonymous_5)
FN:92,(anonymous_6)
FN:99,(anonymous_7)
FN:106,(anonymous_8)
FN:113,(anonymous_9)
FN:120,(anonymous_10)
FN:127,(anonymous_11)
FN:134,(anonymous_12)
FN:138,(anonymous_13)
FN:145,(anonymous_14)
FN:152,(anonymous_15)
FN:161,(anonymous_16)
FN:166,(anonymous_17)
FN:173,(anonymous_18)
FN:180,(anonymous_19)
FN:187,(anonymous_20)
FN:194,(anonymous_21)
FN:201,(anonymous_22)
FN:208,(anonymous_23)
FN:217,(anonymous_24)
FN:222,(anonymous_25)
FN:229,(anonymous_26)
FN:236,(anonymous_27)
FN:243,(anonymous_28)
FN:250,(anonymous_29)
FN:257,(anonymous_30)
FN:264,(anonymous_31)
FNF:32
FNH:9
FNDA:1,(anonymous_0)
FNDA:0,(anonymous_1)
FNDA:0,(anonymous_2)
FNDA:0,(anonymous_3)
FNDA:0,(anonymous_4)
FNDA:9,(anonymous_5)
FNDA:1,(anonymous_6)
FNDA:1,(anonymous_7)
FNDA:1,(anonymous_8)
FNDA:2,(anonymous_9)
FNDA:1,(anonymous_10)
FNDA:1,(anonymous_11)
FNDA:0,(anonymous_12)
FNDA:1,(anonymous_13)
FNDA:0,(anonymous_14)
FNDA:0,(anonymous_15)
FNDA:0,(anonymous_16)
FNDA:0,(anonymous_17)
FNDA:0,(anonymous_18)
FNDA:0,(anonymous_19)
FNDA:0,(anonymous_20)
FNDA:0,(anonymous_21)
FNDA:0,(anonymous_22)
FNDA:0,(anonymous_23)
FNDA:0,(anonymous_24)
FNDA:0,(anonymous_25)
FNDA:0,(anonymous_26)
FNDA:0,(anonymous_27)
FNDA:0,(anonymous_28)
FNDA:0,(anonymous_29)
FNDA:0,(anonymous_30)
FNDA:0,(anonymous_31)
DA:1,1
DA:3,1
DA:4,1
DA:5,1
DA:6,1
DA:7,1
DA:8,1
DA:9,1
DA:10,1
DA:11,1
DA:16,1
DA:17,1
DA:22,1
DA:23,1
DA:24,1
DA:25,1
DA:26,1
DA:27,1
DA:28,1
DA:29,1
DA:30,1
DA:35,1
DA:36,1
DA:47,1
DA:54,0
DA:61,0
DA:68,0
DA:75,0
DA:86,1
DA:88,9
DA:89,9
DA:93,1
DA:100,1
DA:107,1
DA:114,2
DA:121,1
DA:128,1
DA:135,0
DA:139,1
DA:146,0
DA:153,0
DA:160,1
DA:162,0
DA:163,0
DA:167,0
DA:174,0
DA:181,0
DA:188,0
DA:195,0
DA:202,0
DA:209,0
DA:216,1
DA:218,0
DA:219,0
DA:223,0
DA:230,0
DA:237,0
DA:244,0
DA:251,0
DA:258,0
DA:265,0
LF:61
LH:36
BRF:0
BRH:0
end_of_record
TN:
SF:src/api-client/clients/api-client.ts
FN:18,(anonymous_0)
FN:22,(anonymous_1)
FNF:2
FNH:2
FNDA:9,(anonymous_0)
FNDA:9,(anonymous_1)
DA:1,1
DA:2,1
DA:4,1
DA:8,1
DA:17,1
DA:19,9
DA:27,9
DA:29,9
DA:31,9
DA:33,9
DA:35,9
DA:37,9
DA:39,9
DA:41,9
DA:44,9
DA:46,9
DA:48,9
DA:50,9
DA:53,9
DA:54,1
DA:57,8
LF:21
LH:21
BRDA:53,0,0,1
BRDA:53,0,1,8
BRF:2
BRH:2
end_of_record
TN:
SF:src/api-client/clients/base-client.ts
FN:21,(anonymous_0)
FN:33,(anonymous_1)
FN:38,(anonymous_2)
FN:45,(anonymous_3)
FN:52,(anonymous_4)
FN:60,(anonymous_5)
FN:69,(anonymous_6)
FN:77,(anonymous_7)
FNF:8
FNH:7
FNDA:9,(anonymous_0)
FNDA:9,(anonymous_1)
FNDA:9,(anonymous_2)
FNDA:0,(anonymous_3)
FNDA:9,(anonymous_4)
FNDA:9,(anonymous_5)
FNDA:9,(anonymous_6)
FNDA:9,(anonymous_7)
DA:1,1
DA:4,1
DA:6,1
DA:8,1
DA:18,1
DA:22,9
DA:23,9
DA:34,9
DA:35,9
DA:39,9
DA:46,0
DA:53,9
DA:61,9
DA:63,9
DA:70,9
DA:72,9
DA:78,9
DA:80,9
DA:84,9
LF:19
LH:18
BRDA:21,0,0,0
BRDA:84,1,0,9
BRDA:84,1,1,9
BRF:3
BRH:2
end_of_record
TN:
SF:src/api-client/clients/merchant-client.ts
FN:22,(anonymous_0)
FN:28,(anonymous_1)
FNF:2
FNH:0
FNDA:0,(anonymous_0)
FNDA:0,(anonymous_1)
DA:1,1
DA:2,1
DA:3,1
DA:5,1
DA:10,1
DA:19,1
DA:23,0
DA:24,0
DA:25,0
DA:34,0
DA:36,0
DA:38,0
DA:40,0
DA:42,0
DA:44,0
DA:46,0
DA:48,0
DA:50,0
DA:53,0
DA:55,0
DA:57,0
DA:58,0
DA:61,0
DA:62,0
DA:65,0
DA:67,0
DA:70,0
DA:71,0
DA:74,0
LF:29
LH:6
BRDA:23,0,0,0
BRDA:23,0,1,0
BRDA:57,1,0,0
BRDA:57,1,1,0
BRDA:61,2,0,0
BRDA:61,2,1,0
BRDA:70,3,0,0
BRDA:70,3,1,0
BRF:8
BRH:0
end_of_record
TN:
SF:src/api-client/clients/safedeal-client.ts
FN:19,(anonymous_0)
FN:23,(anonymous_1)
FN:63,(anonymous_2)
FNF:3
FNH:0
FNDA:0,(anonymous_0)
FNDA:0,(anonymous_1)
FNDA:0,(anonymous_2)
DA:1,1
DA:2,1
DA:3,1
DA:5,1
DA:9,1
DA:18,1
DA:20,0
DA:28,0
DA:30,0
DA:32,0
DA:34,0
DA:36,0
DA:38,0
DA:40,0
DA:42,0
DA:44,0
DA:47,0
DA:49,0
DA:51,0
DA:53,0
DA:56,0
DA:57,0
DA:60,0
DA:64,0
LF:24
LH:6
BRDA:56,0,0,0
BRDA:56,0,1,0
BRF:2
BRH:0
end_of_record
TN:
SF:src/api-client/requests/add-account-qr.ts
FNF:0
FNH:0
DA:1,1
DA:34,1
LF:2
LH:2
BRF:0
BRH:0
end_of_record
TN:
SF:src/api-client/requests/add-card.ts
FN:55,addCard
FNF:1
FNH:0
FNDA:0,addCard
DA:3,1
DA:34,1
DA:49,1
DA:55,1
DA:59,0
DA:61,0
DA:63,0
DA:67,0
DA:77,0
LF:9
LH:4
BRF:0
BRH:0
end_of_record
TN:
SF:src/api-client/requests/add-customer.ts
FN:40,addCustomer
FNF:1
FNH:0
FNDA:0,addCustomer
DA:3,1
DA:23,1
DA:34,1
DA:40,1
DA:44,0
DA:46,0
DA:48,0
DA:52,0
DA:62,0
LF:9
LH:4
BRF:0
BRH:0
end_of_record
TN:
SF:src/api-client/requests/cancel-payment.ts
FN:70,cancelPayment
FNF:1
FNH:1
FNDA:1,cancelPayment
DA:1,1
DA:4,1
DA:5,1
DA:25,1
DA:55,1
DA:70,1
DA:74,1
DA:76,1
DA:78,1
DA:82,1
DA:83,0
DA:86,1
DA:96,1
LF:13
LH:12
BRDA:82,0,0,0
BRDA:82,0,1,1
BRF:2
BRH:1
end_of_record
TN:
SF:src/api-client/requests/charge-payment.ts
FN:55,chargePayment
FNF:1
FNH:1
FNDA:1,chargePayment
DA:1,1
DA:2,1
DA:26,1
DA:44,1
DA:55,1
DA:59,1
DA:61,1
DA:63,1
DA:67,1
DA:77,1
LF:10
LH:10
BRF:0
BRH:0
end_of_record
TN:
SF:src/api-client/requests/charge-qr.ts
FNF:0
FNH:0
DA:1,1
DA:40,1
LF:2
LH:2
BRF:0
BRH:0
end_of_record
TN:
SF:src/api-client/requests/check-order.ts
FNF:0
FNH:0
DA:2,1
DA:29,1
LF:2
LH:2
BRF:0
BRH:0
end_of_record
TN:
SF:src/api-client/requests/close-sp-deal.ts
FNF:0
FNH:0
DA:1,1
DA:23,1
LF:2
LH:2
BRF:0
BRH:0
end_of_record
TN:
SF:src/api-client/requests/confirm-payment.ts
FN:53,confirmPayment
FNF:1
FNH:1
FNDA:1,confirmPayment
DA:1,1
DA:3,1
DA:4,1
DA:26,1
DA:42,1
DA:53,1
DA:57,1
DA:59,1
DA:61,1
DA:65,1
DA:66,0
DA:69,1
DA:79,1
LF:13
LH:12
BRDA:65,0,0,0
BRDA:65,0,1,1
BRF:2
BRH:1
end_of_record
TN:
SF:src/api-client/requests/create-sp-deal.ts
FNF:0
FNH:0
DA:1,1
DA:26,1
LF:2
LH:2
BRF:0
BRH:0
end_of_record
TN:
SF:src/api-client/requests/finish-authorize.ts
FN:29,(anonymous_1)
FN:33,(anonymous_2)
FN:131,finishAuthorize
FNF:3
FNH:2
FNDA:1,(anonymous_1)
FNDA:1,(anonymous_2)
FNDA:0,finishAuthorize
DA:1,1
DA:2,1
DA:3,1
DA:29,1
DA:30,1
DA:33,1
DA:34,1
DA:35,1
DA:36,1
DA:85,1
DA:116,1
DA:131,1
DA:135,0
DA:137,0
DA:139,0
DA:143,0
DA:144,0
DA:147,0
DA:157,0
LF:19
LH:12
BRDA:29,0,0,1
BRDA:29,0,1,1
BRDA:33,1,0,1
BRDA:33,1,1,1
BRDA:143,2,0,0
BRDA:143,2,1,0
BRF:6
BRH:4
end_of_record
TN:
SF:src/api-client/requests/get-card-list.ts
FN:9,(anonymous_1)
FN:16,(anonymous_2)
FN:67,getCardList
FN:90,(anonymous_4)
FNF:4
FNH:2
FNDA:1,(anonymous_1)
FNDA:1,(anonymous_2)
FNDA:0,getCardList
FNDA:0,(anonymous_4)
DA:3,1
DA:4,1
DA:9,1
DA:10,1
DA:11,1
DA:12,1
DA:13,1
DA:16,1
DA:17,1
DA:18,1
DA:19,1
DA:52,1
DA:61,1
DA:67,1
DA:71,0
DA:73,0
DA:75,0
DA:79,0
DA:91,0
DA:92,0
DA:94,0
DA:97,0
DA:98,0
DA:102,0
LF:24
LH:14
BRDA:9,0,0,1
BRDA:9,0,1,1
BRDA:16,1,0,1
BRDA:16,1,1,1
BRDA:91,2,0,0
BRDA:91,2,1,0
BRDA:91,3,0,0
BRDA:91,3,1,0
BRDA:91,3,2,0
BRDA:97,4,0,0
BRDA:97,4,1,0
BRF:11
BRH:4
end_of_record
TN:
SF:src/api-client/requests/get-customer.ts
FN:36,getCustomer
FNF:1
FNH:0
FNDA:0,getCustomer
DA:3,1
DA:19,1
DA:30,1
DA:36,1
DA:40,0
DA:42,0
DA:44,0
DA:48,0
DA:58,0
LF:9
LH:4
BRF:0
BRH:0
end_of_record
TN:
SF:src/api-client/requests/get-qr.ts
FNF:0
FNH:0
DA:2,1
DA:33,1
LF:2
LH:2
BRF:0
BRH:0
end_of_record
TN:
SF:src/api-client/requests/get-state.ts
FN:38,getState
FNF:1
FNH:1
FNDA:2,getState
DA:3,1
DA:19,1
DA:32,1
DA:38,1
DA:42,2
DA:44,2
DA:46,2
DA:50,2
DA:60,1
LF:9
LH:9
BRF:0
BRH:0
end_of_record
TN:
SF:src/api-client/requests/get-static-qr.ts
FNF:0
FNH:0
DA:2,1
DA:27,1
LF:2
LH:2
BRF:0
BRH:0
end_of_record
TN:
SF:src/api-client/requests/init-payment.ts
FN:153,initPayment
FNF:1
FNH:1
FNDA:1,initPayment
DA:3,1
DA:6,1
DA:7,1
DA:107,1
DA:138,1
DA:153,1
DA:157,1
DA:159,1
DA:161,1
DA:165,1
DA:166,0
DA:169,1
DA:179,1
LF:13
LH:12
BRDA:165,0,0,0
BRDA:165,0,1,1
BRF:2
BRH:1
end_of_record
TN:
SF:src/api-client/requests/payment.ts
FN:36,payment
FNF:1
FNH:0
FNDA:0,payment
DA:1,1
DA:16,1
DA:30,1
DA:36,1
DA:40,0
DA:42,0
DA:46,0
DA:56,0
LF:8
LH:4
BRF:0
BRH:0
end_of_record
TN:
SF:src/api-client/requests/qr-members-list.ts
FNF:0
FNH:0
DA:1,1
DA:37,1
LF:2
LH:2
BRF:0
BRH:0
end_of_record
TN:
SF:src/api-client/requests/remove-card.ts
FN:38,removeCard
FNF:1
FNH:0
FNDA:0,removeCard
DA:3,1
DA:21,1
DA:32,1
DA:38,1
DA:42,0
DA:44,0
DA:46,0
DA:50,0
DA:60,0
LF:9
LH:4
BRF:0
BRH:0
end_of_record
TN:
SF:src/api-client/requests/remove-customer.ts
FN:36,removeCustomer
FNF:1
FNH:0
FNDA:0,removeCustomer
DA:3,1
DA:19,1
DA:30,1
DA:36,1
DA:40,0
DA:42,0
DA:44,0
DA:48,0
DA:58,0
LF:9
LH:4
BRF:0
BRH:0
end_of_record
TN:
SF:src/api-client/requests/resend.ts
FN:31,(anonymous_0)
FNF:1
FNH:0
FNDA:0,(anonymous_0)
DA:2,1
DA:27,1
DA:32,0
DA:33,0
DA:35,0
LF:5
LH:2
BRDA:32,0,0,0
BRDA:32,0,1,0
BRDA:32,1,0,0
BRDA:32,1,1,0
BRF:4
BRH:0
end_of_record
TN:
SF:src/api-client/requests/send-closing-receipt.ts
FN:35,(anonymous_0)
FNF:1
FNH:0
FNDA:0,(anonymous_0)
DA:1,1
DA:3,1
DA:32,1
DA:35,0
LF:4
LH:3
BRF:0
BRH:0
end_of_record
TN:
SF:src/api-client/requests/common/data-type-qr.ts
FN:1,(anonymous_0)
FNF:1
FNH:1
FNDA:1,(anonymous_0)
DA:1,1
DA:2,1
DA:3,1
LF:3
LH:3
BRDA:1,0,0,1
BRDA:1,0,1,1
BRF:2
BRH:2
end_of_record
TN:
SF:src/api-client/requests/common/data.ts
FN:1,flatDataObject
FNF:1
FNH:0
FNDA:0,flatDataObject
DA:1,1
DA:2,0
DA:3,0
DA:5,0
DA:6,0
DA:7,0
DA:9,0
LF:7
LH:1
BRDA:2,0,0,0
BRDA:2,0,1,0
BRF:2
BRH:0
end_of_record
TN:
SF:src/api-client/requests/common/language.ts
FN:1,(anonymous_0)
FNF:1
FNH:1
FNDA:1,(anonymous_0)
DA:1,1
DA:2,1
DA:3,1
LF:3
LH:3
BRDA:1,0,0,1
BRDA:1,0,1,1
BRF:2
BRH:2
end_of_record
TN:
SF:src/api-client/requests/common/notification-types.ts
FN:1,(anonymous_0)
FNF:1
FNH:0
FNDA:0,(anonymous_0)
DA:1,0
DA:2,0
DA:3,0
LF:3
LH:0
BRDA:1,0,0,0
BRDA:1,0,1,0
BRF:2
BRH:0
end_of_record
TN:
SF:src/api-client/requests/common/pay-type.ts
FN:1,(anonymous_0)
FNF:1
FNH:1
FNDA:1,(anonymous_0)
DA:1,1
DA:2,1
DA:3,1
LF:3
LH:3
BRDA:1,0,0,1
BRDA:1,0,1,1
BRF:2
BRH:2
end_of_record
TN:
SF:src/api-client/requests/common/receipt.ts
FN:26,(anonymous_0)
FN:36,(anonymous_1)
FN:51,(anonymous_2)
FN:60,(anonymous_3)
FN:80,(anonymous_4)
FN:100,validateAndPrepareCardData
FN:103,(anonymous_6)
FN:107,validateAndPrepareReceipt
FN:122,validateAndPrepareReceiptItem
FNF:9
FNH:5
FNDA:1,(anonymous_0)
FNDA:1,(anonymous_1)
FNDA:1,(anonymous_2)
FNDA:1,(anonymous_3)
FNDA:1,(anonymous_4)
FNDA:0,validateAndPrepareCardData
FNDA:0,(anonymous_6)
FNDA:0,validateAndPrepareReceipt
FNDA:0,validateAndPrepareReceiptItem
DA:1,1
DA:26,1
DA:27,1
DA:28,1
DA:29,1
DA:30,1
DA:31,1
DA:32,1
DA:33,1
DA:36,1
DA:37,1
DA:38,1
DA:39,1
DA:40,1
DA:41,1
DA:42,1
DA:43,1
DA:44,1
DA:45,1
DA:46,1
DA:47,1
DA:48,1
DA:51,1
DA:52,1
DA:53,1
DA:54,1
DA:55,1
DA:56,1
DA:57,1
DA:60,1
DA:61,1
DA:62,1
DA:63,1
DA:64,1
DA:65,1
DA:66,1
DA:80,1
DA:81,1
DA:82,1
DA:83,1
DA:84,1
DA:85,1
DA:86,1
DA:87,1
DA:100,1
DA:101,0
DA:102,0
DA:103,0
DA:107,1
DA:108,0
DA:109,0
DA:112,0
DA:113,0
DA:116,0
DA:123,0
DA:129,0
DA:130,0
DA:133,0
DA:139,0
DA:140,0
DA:148,0
DA:149,0
DA:154,0
LF:63
LH:46
BRDA:26,0,0,1
BRDA:26,0,1,1
BRDA:36,1,0,1
BRDA:36,1,1,1
BRDA:51,2,0,1
BRDA:51,2,1,1
BRDA:60,3,0,1
BRDA:60,3,1,1
BRDA:80,4,0,1
BRDA:80,4,1,1
BRDA:108,5,0,0
BRDA:108,5,1,0
BRDA:112,6,0,0
BRDA:112,6,1,0
BRDA:129,7,0,0
BRDA:129,7,1,0
BRDA:139,8,0,0
BRDA:139,8,1,0
BRDA:148,9,0,0
BRDA:148,9,1,0
BRF:20
BRH:10
end_of_record
TN:
SF:src/api-client/requests/common/request.ts
FN:6,(anonymous_1)
FN:12,(anonymous_2)
FNF:2
FNH:2
FNDA:10,(anonymous_1)
FNDA:3,(anonymous_2)
DA:1,1
DA:6,1
DA:12,10
DA:13,3
DA:15,3
DA:17,3
DA:21,3
DA:22,0
DA:25,3
DA:35,3
LF:10
LH:9
BRDA:8,0,0,8
BRDA:9,1,0,8
BRDA:21,2,0,0
BRDA:21,2,1,3
BRF:4
BRH:3
end_of_record
TN:
SF:src/common/consts.ts
FNF:0
FNH:0
DA:1,1
DA:2,1
LF:2
LH:2
BRF:0
BRH:0
end_of_record
TN:
SF:src/common/payment-status.ts
FN:1,(anonymous_0)
FNF:1
FNH:1
FNDA:2,(anonymous_0)
DA:1,2
DA:2,2
DA:3,2
DA:4,2
DA:5,2
DA:6,2
DA:7,2
DA:8,2
DA:9,2
DA:10,2
DA:11,2
DA:12,2
DA:13,2
DA:14,2
DA:15,2
DA:16,2
DA:17,2
DA:18,2
DA:19,2
DA:20,2
DA:22,2
DA:23,2
DA:24,2
DA:25,2
DA:26,2
DA:27,2
LF:26
LH:26
BRDA:1,0,0,2
BRDA:1,0,1,2
BRF:2
BRH:2
end_of_record
TN:
SF:src/common/sdk-error.ts
FN:11,(anonymous_0)
FNF:1
FNH:1
FNDA:13,(anonymous_0)
DA:6,3
DA:8,3
DA:12,13
DA:14,13
DA:16,13
DA:17,7
LF:6
LH:6
BRDA:12,0,0,4
BRDA:14,1,0,13
BRDA:14,1,1,10
BRDA:14,2,0,6
BRDA:14,2,1,7
BRDA:14,3,0,13
BRDA:14,3,1,13
BRDA:16,4,0,7
BRDA:16,4,1,6
BRF:9
BRH:9
end_of_record
TN:
SF:src/common/signature.ts
FN:9,generateSignature
FN:20,(anonymous_1)
FN:22,(anonymous_2)
FN:27,signRequestPayload
FNF:4
FNH:4
FNDA:32,generateSignature
FNDA:186,(anonymous_1)
FNDA:176,(anonymous_2)
FNDA:12,signRequestPayload
DA:1,3
DA:9,3
DA:10,32
DA:12,32
DA:17,32
DA:19,32
DA:20,186
DA:22,176
DA:24,32
DA:27,3
DA:31,12
DA:33,12
LF:12
LH:12
BRF:0
BRH:0
end_of_record
TN:
SF:src/http-client/got-http-client.ts
FN:17,(anonymous_0)
FN:19,(anonymous_1)
FNF:2
FNH:0
FNDA:0,(anonymous_0)
FNDA:0,(anonymous_1)
DA:16,1
DA:17,0
DA:20,0
DA:22,0
DA:25,0
DA:26,0
DA:33,0
DA:41,0
LF:8
LH:1
BRDA:25,0,0,0
BRDA:25,0,1,0
BRF:2
BRH:0
end_of_record
TN:
SF:src/http-client/http-client.ts
FN:14,(anonymous_0)
FNF:1
FNH:1
FNDA:1,(anonymous_0)
DA:14,1
DA:15,1
DA:16,1
LF:3
LH:3
BRDA:14,0,0,1
BRDA:14,0,1,1
BRF:2
BRH:2
end_of_record
TN:
SF:src/http-client/request-http-client.ts
FN:13,(anonymous_0)
FN:15,(anonymous_1)
FNF:2
FNH:0
FNDA:0,(anonymous_0)
FNDA:0,(anonymous_1)
DA:12,1
DA:13,0
DA:16,0
DA:18,0
DA:20,0
DA:29,0
DA:30,0
DA:32,0
DA:35,0
DA:37,0
LF:10
LH:1
BRDA:29,0,0,0
BRDA:29,0,1,0
BRF:2
BRH:0
end_of_record
TN:
SF:src/logger/logger.ts
FN:1,(anonymous_0)
FN:24,(anonymous_1)
FN:28,(anonymous_2)
FNF:3
FNH:3
FNDA:1,(anonymous_0)
FNDA:9,(anonymous_1)
FNDA:18,(anonymous_2)
DA:1,1
DA:2,1
DA:3,1
DA:4,1
DA:5,1
DA:6,1
DA:21,1
DA:25,9
DA:29,18
DA:30,0
DA:31,0
DA:33,0
DA:34,0
DA:36,0
DA:38,0
DA:39,0
DA:41,0
DA:43,0
DA:44,0
DA:46,0
DA:48,0
DA:49,0
DA:51,0
DA:53,0
DA:54,0
DA:56,0
LF:26
LH:9
BRDA:1,0,0,1
BRDA:1,0,1,1
BRDA:25,1,0,9
BRDA:25,1,1,0
BRDA:29,2,0,0
BRDA:29,2,1,18
BRDA:31,3,0,0
BRDA:31,3,1,0
BRDA:31,3,2,0
BRDA:31,3,3,0
BRDA:31,3,4,0
BRDA:33,4,0,0
BRDA:33,4,1,0
BRDA:38,5,0,0
BRDA:38,5,1,0
BRDA:43,6,0,0
BRDA:43,6,1,0
BRDA:48,7,0,0
BRDA:48,7,1,0
BRDA:53,8,0,0
BRDA:53,8,1,0
BRF:21
BRH:4
end_of_record
TN:
SF:src/serialization/schema.ts
FN:9,(anonymous_0)
FNF:1
FNH:1
FNDA:2,(anonymous_0)
DA:9,2
DA:10,2
DA:11,2
DA:12,2
DA:13,2
DA:14,2
DA:15,2
DA:16,2
DA:17,2
DA:18,2
LF:10
LH:10
BRDA:9,0,0,2
BRDA:9,0,1,2
BRF:2
BRH:2
end_of_record
TN:
SF:src/serialization/serializer.ts
FN:10,serializeData
FNF:1
FNH:1
FNDA:22,serializeData
DA:1,2
DA:3,2
DA:4,2
DA:5,2
DA:6,2
DA:7,2
DA:10,2
DA:15,22
DA:18,22
DA:20,22
DA:21,29
DA:22,29
DA:25,29
DA:26,9
DA:28,0
DA:30,9
DA:34,20
DA:36,1
DA:37,1
DA:40,7
DA:41,7
DA:44,0
DA:45,0
DA:48,0
DA:49,0
DA:52,0
DA:53,0
DA:56,0
DA:57,0
DA:60,0
DA:61,0
DA:64,0
DA:65,0
DA:68,12
DA:69,12
DA:72,20
DA:74,0
DA:80,22
LF:38
LH:24
BRDA:25,0,0,9
BRDA:25,0,1,20
BRDA:26,1,0,0
BRDA:26,1,1,9
BRDA:26,2,0,9
BRDA:26,2,1,3
BRDA:34,3,0,1
BRDA:34,3,1,7
BRDA:34,3,2,0
BRDA:34,3,3,0
BRDA:34,3,4,0
BRDA:34,3,5,0
BRDA:34,3,6,0
BRDA:34,3,7,0
BRDA:34,3,8,12
BRF:15
BRH:8
end_of_record
TN:
SF:src/serialization/serializers/boolean.ts
FN:1,booleanToString
FN:5,booleanFromString
FNF:2
FNH:2
FNDA:2,booleanToString
FNDA:7,booleanFromString
DA:1,3
DA:2,2
DA:5,3
DA:6,7
DA:8,7
LF:5
LH:5
BRF:0
BRH:0
end_of_record
TN:
SF:src/serialization/serializers/date.ts
FN:3,dateToStringOrThrow
FN:12,dateFromStringOrThrow
FN:21,expDateFromStringOrThrow
FNF:3
FNH:3
FNDA:2,dateToStringOrThrow
FNDA:2,dateFromStringOrThrow
FNDA:3,expDateFromStringOrThrow
DA:1,3
DA:3,3
DA:5,2
DA:6,1
DA:9,1
DA:12,3
DA:14,2
DA:15,1
DA:18,1
DA:21,3
DA:23,3
DA:24,2
DA:27,1
DA:28,1
DA:30,1
LF:15
LH:15
BRDA:5,0,0,1
BRDA:5,0,1,1
BRDA:14,1,0,1
BRDA:14,1,1,1
BRDA:23,2,0,2
BRDA:23,2,1,1
BRDA:23,3,0,3
BRDA:23,3,1,2
BRF:8
BRH:8
end_of_record
TN:
SF:src/serialization/serializers/integer.ts
FN:1,integerToString
FN:5,integerFromString
FNF:2
FNH:2
FNDA:2,integerToString
FNDA:15,integerFromString
DA:1,3
DA:2,2
DA:5,3
DA:6,15
LF:4
LH:4
BRF:0
BRH:0
end_of_record
TN:
SF:src/serialization/serializers/money.ts
FN:1,moneyToPennyOrThrow
FN:10,moneyFromPennyOrThrow
FNF:2
FNH:2
FNDA:6,moneyToPennyOrThrow
FNDA:11,moneyFromPennyOrThrow
DA:1,3
DA:3,6
DA:4,1
DA:7,5
DA:10,3
DA:12,11
DA:13,1
DA:16,10
LF:8
LH:8
BRDA:3,0,0,1
BRDA:3,0,1,5
BRDA:12,1,0,1
BRDA:12,1,1,10
BRF:4
BRH:4
end_of_record
TN:
SF:src/sign-providers/cryptopro-sign-provider.ts
FN:42,(anonymous_7)
FN:61,(anonymous_8)
FN:66,(anonymous_9)
FN:93,(anonymous_10)
FNF:4
FNH:0
FNDA:0,(anonymous_7)
FNDA:0,(anonymous_8)
FNDA:0,(anonymous_9)
FNDA:0,(anonymous_10)
DA:1,1
DA:2,1
DA:3,1
DA:5,1
DA:7,1
DA:8,1
DA:34,1
DA:41,1
DA:43,0
DA:44,0
DA:47,0
DA:49,0
DA:51,0
DA:62,0
DA:63,0
DA:67,0
DA:68,0
DA:69,0
DA:70,0
DA:77,0
DA:78,0
DA:79,0
DA:80,0
DA:81,0
DA:82,0
DA:83,0
DA:84,0
DA:86,0
DA:87,0
DA:90,0
DA:94,0
DA:95,0
DA:96,0
DA:103,0
DA:104,0
DA:114,0
DA:115,0
DA:116,0
DA:117,0
DA:118,0
DA:119,0
DA:120,0
DA:121,0
DA:123,0
DA:124,0
DA:127,0
LF:46
LH:8
BRDA:43,0,0,0
BRDA:43,0,1,0
BRDA:86,1,0,0
BRDA:86,1,1,0
BRDA:123,2,0,0
BRDA:123,2,1,0
BRF:6
BRH:0
end_of_record
TN:
SF:src/sign-providers/rsa-sign-provider.ts
FN:23,(anonymous_7)
FN:47,(anonymous_8)
FN:77,(anonymous_9)
FN:81,(anonymous_10)
FN:86,(anonymous_11)
FNF:5
FNH:0
FNDA:0,(anonymous_7)
FNDA:0,(anonymous_8)
FNDA:0,(anonymous_9)
FNDA:0,(anonymous_10)
FNDA:0,(anonymous_11)
DA:1,1
DA:2,1
DA:4,1
DA:6,1
DA:8,1
DA:10,1
DA:19,1
DA:22,1
DA:24,0
DA:26,0
DA:28,0
DA:29,0
DA:31,0
DA:33,0
DA:48,0
DA:49,0
DA:51,0
DA:52,0
DA:55,0
DA:56,0
DA:59,0
DA:60,0
DA:66,0
DA:67,0
DA:70,0
DA:71,0
DA:78,0
DA:82,0
DA:83,0
DA:87,0
DA:89,0
DA:91,0
LF:32
LH:8
BRDA:49,0,0,0
BRDA:49,0,1,0
BRDA:51,1,0,0
BRDA:51,1,1,0
BRDA:55,2,0,0
BRDA:55,2,1,0
BRDA:59,3,0,0
BRDA:59,3,1,0
BRDA:66,4,0,0
BRDA:66,4,1,0
BRDA:70,5,0,0
BRDA:70,5,1,0
BRF:12
BRH:0
end_of_record
TN:
SF:src/sign-providers/sign-provider.ts
FN:13,(anonymous_6)
FN:18,(anonymous_7)
FN:34,(anonymous_8)
FN:38,(anonymous_9)
FN:44,(anonymous_10)
FN:53,(anonymous_11)
FNF:6
FNH:0
FNDA:0,(anonymous_6)
FNDA:0,(anonymous_7)
FNDA:0,(anonymous_8)
FNDA:0,(anonymous_9)
FNDA:0,(anonymous_10)
FNDA:0,(anonymous_11)
DA:1,1
DA:5,1
DA:7,1
DA:14,0
DA:15,0
DA:19,0
DA:29,0
DA:30,0
DA:33,0
DA:35,0
DA:39,0
DA:41,0
DA:45,0
DA:46,0
DA:54,0
LF:15
LH:3
BRDA:29,0,0,0
BRDA:29,0,1,0
BRDA:29,1,0,0
BRDA:29,1,1,0
BRF:4
BRH:0
end_of_record
TN:
SF:src/webhook-handler/webhook-handler.ts
FN:18,(anonymous_0)
FN:20,(anonymous_1)
FNF:2
FNH:2
FNDA:5,(anonymous_0)
FNDA:8,(anonymous_1)
DA:1,2
DA:2,2
DA:3,2
DA:5,2
DA:12,2
DA:17,2
DA:18,5
DA:24,8
DA:26,8
DA:28,8
DA:29,2
DA:37,6
DA:42,6
DA:43,2
DA:50,4
DA:58,4
DA:59,2
DA:67,2
LF:18
LH:18
BRDA:28,0,0,2
BRDA:28,0,1,6
BRDA:42,1,0,2
BRDA:42,1,1,4
BRDA:42,2,0,0
BRDA:42,2,1,6
BRDA:42,3,0,6
BRDA:42,3,1,6
BRDA:58,4,0,2
BRDA:58,4,1,2
BRF:10
BRH:9
end_of_record
TN:
SF:src/webhook-handler/webhook-payload.ts
FNF:0
FNH:0
DA:2,2
DA:20,2
LF:2
LH:2
BRF:0
BRH:0
end_of_record
